TN:
SF:/Users/petrpotapov/new_projects/test-typescript-eslint/packages/eslint-plugin/src/index.ts
FNF:0
FNH:0
DA:1,1
DA:3,1
DA:4,1
DA:5,1
DA:6,1
DA:7,1
DA:9,1
LF:7
LH:7
BRF:0
BRH:0
end_of_record
TN:
SF:/Users/petrpotapov/new_projects/test-typescript-eslint/packages/eslint-plugin/src/configs/eslint-recommended.ts
FNF:0
FNH:0
DA:5,1
LF:1
LH:1
BRF:0
BRH:0
end_of_record
TN:
SF:/Users/petrpotapov/new_projects/test-typescript-eslint/packages/eslint-plugin/src/rules/adjacent-overload-signatures.ts
FN:30,(anonymous_1)
FN:38,getMemberName
FN:74,isSameMethod
FN:82,getMembers
FN:99,checkBodyForOverloadMethods
FN:106,(anonymous_6)
FN:117,(anonymous_7)
FNF:7
FNH:7
FNDA:60,(anonymous_1)
FNDA:389,getMemberName
FNDA:343,isSameMethod
FNDA:116,getMembers
FNDA:116,checkBodyForOverloadMethods
FNDA:329,(anonymous_6)
FNDA:238,(anonymous_7)
DA:1,4
DA:5,4
DA:15,4
DA:31,60
DA:39,389
DA:40,0
DA:43,389
DA:48,61
DA:49,1
DA:52,60
DA:56,89
DA:58,77
DA:60,6
DA:62,9
DA:64,66
DA:67,81
DA:75,343
DA:83,116
DA:88,109
DA:91,7
DA:100,116
DA:102,116
DA:103,116
DA:104,116
DA:106,116
DA:107,329
DA:108,329
DA:109,83
DA:110,83
DA:112,246
DA:117,246
DA:118,238
DA:120,246
DA:121,32
DA:128,214
DA:129,141
DA:132,246
DA:137,60
LF:38
LH:37
BRDA:39,0,0,0
BRDA:39,0,1,389
BRDA:44,1,0,3
BRDA:44,1,1,61
BRDA:44,1,2,61
BRDA:44,1,3,89
BRDA:44,1,4,77
BRDA:44,1,5,6
BRDA:44,1,6,9
BRDA:44,1,7,66
BRDA:48,2,0,1
BRDA:48,2,1,60
BRDA:56,3,0,89
BRDA:56,3,1,88
BRDA:76,4,0,343
BRDA:76,4,1,332
BRDA:76,4,2,179
BRDA:84,5,0,23
BRDA:84,5,1,83
BRDA:84,5,2,89
BRDA:84,5,3,109
BRDA:84,5,4,7
BRDA:102,6,0,116
BRDA:102,6,1,0
BRDA:108,7,0,83
BRDA:108,7,1,246
BRDA:114,8,0,246
BRDA:114,8,1,66
BRDA:120,9,0,32
BRDA:120,9,1,214
BRDA:120,10,0,246
BRDA:120,10,1,105
BRDA:125,11,0,1
BRDA:125,11,1,31
BRDA:128,12,0,141
BRDA:128,12,1,73
BRF:36
BRH:34
end_of_record
TN:
SF:/Users/petrpotapov/new_projects/test-typescript-eslint/packages/eslint-plugin/src/rules/array-type.ts
FN:12,isSimpleType
FN:58,typeNeedsParentheses
FN:126,(anonymous_3)
FN:143,requireWhitespaceBefore
FN:159,getMessageType
FN:172,(anonymous_6)
FN:210,(anonymous_7)
FN:245,(anonymous_8)
FN:279,(anonymous_9)
FN:303,(anonymous_10)
FNF:10
FNH:10
FNDA:178,isSimpleType
FNDA:71,typeNeedsParentheses
FNDA:183,(anonymous_3)
FNDA:38,requireWhitespaceBefore
FNDA:96,getMessageType
FNDA:148,(anonymous_6)
FNDA:38,(anonymous_7)
FNDA:254,(anonymous_8)
FNDA:4,(anonymous_9)
FNDA:48,(anonymous_10)
DA:1,4
DA:6,4
DA:13,178
DA:29,90
DA:31,57
DA:36,12
DA:37,1
DA:39,11
DA:40,11
DA:43,45
DA:44,17
DA:46,28
DA:48,0
DA:50,31
DA:59,71
DA:61,23
DA:67,8
DA:69,22
DA:71,18
DA:88,4
DA:90,4
DA:127,183
DA:129,183
DA:130,183
DA:133,183
DA:135,183
DA:137,183
DA:144,38
DA:145,38
DA:146,0
DA:149,38
DA:150,33
DA:153,5
DA:160,96
DA:161,96
DA:162,10
DA:164,86
DA:165,58
DA:168,28
DA:171,183
DA:173,148
DA:177,99
DA:181,49
DA:186,49
DA:189,49
DA:191,49
DA:195,11
DA:199,38
DA:202,38
DA:204,38
DA:211,38
DA:212,38
DA:219,38
DA:221,8
DA:229,38
DA:230,10
DA:231,10
DA:232,10
DA:233,0
DA:236,10
DA:237,10
DA:240,38
DA:246,254
DA:250,97
DA:253,157
DA:254,157
DA:256,157
DA:261,92
DA:264,65
DA:265,65
DA:267,65
DA:271,65
DA:273,4
DA:280,4
DA:284,4
DA:287,61
DA:291,13
DA:294,48
DA:295,48
DA:297,48
DA:304,48
LF:81
LH:78
BRDA:14,0,0,25
BRDA:14,0,1,29
BRDA:14,0,2,29
BRDA:14,0,3,29
BRDA:14,0,4,58
BRDA:14,0,5,61
BRDA:14,0,6,73
BRDA:14,0,7,73
BRDA:14,0,8,73
BRDA:14,0,9,73
BRDA:14,0,10,73
BRDA:14,0,11,79
BRDA:14,0,12,85
BRDA:14,0,13,87
BRDA:14,0,14,90
BRDA:14,0,15,57
BRDA:14,0,16,31
BRDA:31,1,0,12
BRDA:31,1,1,45
BRDA:32,2,0,57
BRDA:32,2,1,57
BRDA:32,2,2,51
BRDA:36,3,0,1
BRDA:36,3,1,11
BRDA:39,4,0,11
BRDA:39,4,1,0
BRDA:43,5,0,17
BRDA:43,5,1,28
BRDA:60,6,0,23
BRDA:60,6,1,4
BRDA:60,6,2,5
BRDA:60,6,3,6
BRDA:60,6,4,7
BRDA:60,6,5,8
BRDA:60,6,6,22
BRDA:60,6,7,18
BRDA:130,7,0,183
BRDA:130,7,1,165
BRDA:133,8,0,183
BRDA:133,8,1,41
BRDA:135,9,0,183
BRDA:135,9,1,76
BRDA:137,10,0,183
BRDA:137,10,1,66
BRDA:145,11,0,0
BRDA:145,11,1,38
BRDA:149,12,0,33
BRDA:149,12,1,5
BRDA:160,13,0,96
BRDA:160,13,1,0
BRDA:161,14,0,10
BRDA:161,14,1,86
BRDA:164,15,0,58
BRDA:164,15,1,28
BRDA:173,16,0,99
BRDA:173,16,1,49
BRDA:174,17,0,148
BRDA:174,17,1,73
BRDA:174,17,2,31
BRDA:181,18,0,49
BRDA:181,18,1,49
BRDA:181,18,2,14
BRDA:186,19,0,49
BRDA:186,19,1,33
BRDA:189,20,0,49
BRDA:189,20,1,16
BRDA:191,21,0,11
BRDA:191,21,1,38
BRDA:192,22,0,49
BRDA:192,22,1,7
BRDA:192,22,2,44
BRDA:192,22,3,9
BRDA:200,23,0,29
BRDA:200,23,1,9
BRDA:202,24,0,8
BRDA:202,24,1,30
BRDA:205,25,0,8
BRDA:205,25,1,30
BRDA:216,26,0,2
BRDA:216,26,1,36
BRDA:216,27,0,8
BRDA:216,27,1,30
BRDA:219,28,0,8
BRDA:219,28,1,30
BRDA:229,29,0,10
BRDA:229,29,1,28
BRDA:232,30,0,0
BRDA:232,30,1,10
BRDA:232,31,0,10
BRDA:232,31,1,10
BRDA:246,32,0,97
BRDA:246,32,1,157
BRDA:247,33,0,254
BRDA:247,33,1,161
BRDA:256,34,0,92
BRDA:256,34,1,65
BRDA:257,35,0,157
BRDA:257,35,1,75
BRDA:257,35,2,5
BRDA:257,35,3,70
BRDA:257,35,4,5
BRDA:257,36,0,157
BRDA:257,36,1,94
BRDA:264,37,0,7
BRDA:264,37,1,58
BRDA:265,38,0,65
BRDA:265,38,1,61
BRDA:268,39,0,41
BRDA:268,39,1,24
BRDA:271,40,0,4
BRDA:271,40,1,61
BRDA:271,41,0,65
BRDA:271,41,1,61
BRDA:287,42,0,13
BRDA:287,42,1,48
BRDA:288,43,0,61
BRDA:288,43,1,61
BRDA:288,43,2,22
BRDA:307,44,0,9
BRDA:307,44,1,39
BRDA:311,45,0,9
BRDA:311,45,1,39
BRF:122
BRH:118
end_of_record
TN:
SF:/Users/petrpotapov/new_projects/test-typescript-eslint/packages/eslint-plugin/src/rules/await-thenable.ts
FN:23,(anonymous_2)
FN:28,(anonymous_3)
FNF:2
FNH:2
FNDA:14,(anonymous_2)
FNDA:22,(anonymous_3)
DA:1,4
DA:2,4
DA:4,4
DA:6,4
DA:24,14
DA:25,14
DA:27,14
DA:29,22
DA:32,22
DA:34,22
DA:39,5
LF:11
LH:11
BRDA:34,0,0,5
BRDA:34,0,1,17
BRDA:35,1,0,22
BRDA:35,1,1,17
BRDA:35,1,2,16
BRF:5
BRH:5
end_of_record
TN:
SF:/Users/petrpotapov/new_projects/test-typescript-eslint/packages/eslint-plugin/src/rules/ban-ts-ignore.ts
FN:19,(anonymous_1)
FN:24,(anonymous_2)
FN:27,(anonymous_3)
FNF:3
FNH:3
FNDA:8,(anonymous_1)
FNDA:8,(anonymous_2)
FNDA:8,(anonymous_3)
DA:1,4
DA:3,4
DA:20,8
DA:21,8
DA:23,8
DA:25,8
DA:27,8
DA:28,8
DA:29,3
DA:31,5
DA:32,4
LF:11
LH:11
BRDA:28,0,0,3
BRDA:28,0,1,5
BRDA:31,1,0,4
BRDA:31,1,1,1
BRF:4
BRH:4
end_of_record
TN:
SF:/Users/petrpotapov/new_projects/test-typescript-eslint/packages/eslint-plugin/src/rules/ban-types.ts
FN:19,stringifyTypeName
FN:26,getCustomMessage
FN:109,(anonymous_3)
FN:111,(anonymous_4)
FN:128,(anonymous_5)
FNF:5
FNH:5
FNDA:31,stringifyTypeName
FNDA:21,getCustomMessage
FNDA:22,(anonymous_3)
FNDA:31,(anonymous_4)
FNDA:12,(anonymous_5)
DA:2,4
DA:23,31
DA:29,21
DA:30,3
DA:33,18
DA:34,5
DA:37,13
DA:38,12
DA:41,1
DA:44,4
DA:110,22
DA:112,31
DA:114,31
DA:115,21
DA:116,21
DA:118,21
DA:120,21
DA:128,12
LF:18
LH:18
BRDA:29,0,0,3
BRDA:29,0,1,18
BRDA:33,1,0,5
BRDA:33,1,1,13
BRDA:37,2,0,12
BRDA:37,2,1,1
BRDA:114,3,0,21
BRDA:114,3,1,10
BRDA:118,4,0,21
BRDA:118,4,1,18
BRDA:118,4,2,13
BRDA:128,5,0,12
BRDA:128,5,1,9
BRF:13
BRH:13
end_of_record
TN:
SF:/Users/petrpotapov/new_projects/test-typescript-eslint/packages/eslint-plugin/src/rules/brace-style.ts
FN:25,(anonymous_2)
FN:27,(anonymous_3)
FNF:2
FNH:2
FNDA:235,(anonymous_2)
FNDA:27,(anonymous_3)
DA:1,4
DA:5,4
DA:6,4
DA:11,4
DA:26,235
DA:27,235
DA:30,27
DA:39,235
LF:8
LH:8
BRF:0
BRH:0
end_of_record
TN:
SF:/Users/petrpotapov/new_projects/test-typescript-eslint/packages/eslint-plugin/src/rules/camelcase.ts
FN:30,(anonymous_2)
FN:40,(anonymous_3)
FN:49,isUnderscored
FN:60,isAllowed
FN:63,(anonymous_6)
FN:74,isTSPropertyType
FN:93,(anonymous_8)
FNF:7
FNH:7
FNDA:26,(anonymous_2)
FNDA:26,(anonymous_3)
FNDA:17,isUnderscored
FNDA:58,isAllowed
FNDA:58,(anonymous_6)
FNDA:58,isTSPropertyType
FNDA:58,(anonymous_8)
DA:1,4
DA:5,4
DA:6,4
DA:11,4
DA:31,26
DA:32,26
DA:39,26
DA:40,26
DA:51,17
DA:61,58
DA:63,58
DA:75,58
DA:76,0
DA:78,58
DA:79,23
DA:82,35
DA:83,3
DA:89,32
DA:92,26
DA:98,58
DA:101,58
DA:102,0
DA:106,58
DA:107,26
DA:108,8
DA:115,26
DA:119,32
LF:27
LH:25
BRDA:40,0,0,26
BRDA:40,0,1,0
BRDA:51,1,0,17
BRDA:51,1,1,8
BRDA:63,2,0,58
BRDA:63,2,1,58
BRDA:75,3,0,0
BRDA:75,3,1,58
BRDA:78,4,0,23
BRDA:78,4,1,35
BRDA:82,5,0,3
BRDA:82,5,1,32
BRDA:84,6,0,3
BRDA:84,6,1,3
BRDA:101,7,0,0
BRDA:101,7,1,58
BRDA:106,8,0,26
BRDA:106,8,1,32
BRDA:107,9,0,8
BRDA:107,9,1,18
BRDA:107,10,0,26
BRDA:107,10,1,17
BRF:22
BRH:19
end_of_record
TN:
SF:/Users/petrpotapov/new_projects/test-typescript-eslint/packages/eslint-plugin/src/rules/class-name-casing.ts
FN:40,(anonymous_1)
FN:47,isUpperCase
FN:55,isPascalCase
FN:70,report
FN:96,(anonymous_5)
FN:107,(anonymous_6)
FNF:6
FNH:6
FNDA:23,(anonymous_1)
FNDA:22,isUpperCase
FNDA:22,isPascalCase
FNDA:10,report
FNDA:23,(anonymous_5)
FNDA:5,(anonymous_6)
DA:1,4
DA:5,4
DA:14,4
DA:41,23
DA:48,22
DA:57,22
DA:59,22
DA:73,10
DA:76,9
DA:77,9
DA:79,1
DA:80,1
DA:82,0
DA:85,10
DA:95,23
DA:103,23
DA:104,8
DA:110,5
DA:122,5
DA:123,5
DA:125,5
DA:126,2
LF:22
LH:21
BRDA:57,0,0,2
BRDA:57,0,1,20
BRDA:57,1,0,22
BRDA:57,1,1,3
BRDA:60,2,0,22
BRDA:60,2,1,14
BRDA:74,3,0,6
BRDA:74,3,1,9
BRDA:74,3,2,1
BRDA:74,3,3,0
BRDA:76,4,0,1
BRDA:76,4,1,8
BRDA:103,5,0,8
BRDA:103,5,1,15
BRDA:103,6,0,23
BRDA:103,6,1,19
BRDA:110,7,0,0
BRDA:110,7,1,5
BRDA:111,8,0,5
BRDA:111,8,1,5
BRDA:125,9,0,2
BRDA:125,9,1,3
BRDA:125,10,0,5
BRDA:125,10,1,5
BRDA:125,10,2,3
BRF:25
BRH:23
end_of_record
TN:
SF:/Users/petrpotapov/new_projects/test-typescript-eslint/packages/eslint-plugin/src/rules/consistent-type-assertions.ts
FN:75,(anonymous_1)
FN:78,reportIncorrectAssertionType
FN:92,checkType
FN:111,checkExpression
FN:145,(anonymous_5)
FN:153,(anonymous_6)
FNF:6
FNH:6
FNDA:60,(anonymous_1)
FNDA:20,reportIncorrectAssertionType
FNDA:12,checkType
FNDA:40,checkExpression
FNDA:27,(anonymous_5)
FNDA:33,(anonymous_6)
DA:1,4
DA:2,4
DA:24,4
DA:76,60
DA:81,20
DA:82,20
DA:93,12
DA:96,0
DA:98,12
DA:107,0
DA:114,40
DA:119,20
DA:122,20
DA:130,8
DA:133,12
DA:137,12
DA:144,60
DA:146,27
DA:147,10
DA:148,10
DA:151,17
DA:154,33
DA:155,10
DA:156,10
DA:159,23
LF:25
LH:23
BRDA:87,0,0,10
BRDA:87,0,1,10
BRDA:94,1,0,0
BRDA:94,1,1,0
BRDA:94,1,2,12
BRDA:94,1,3,0
BRDA:100,2,0,12
BRDA:100,2,1,11
BRDA:100,2,2,1
BRDA:114,3,0,20
BRDA:114,3,1,20
BRDA:115,4,0,40
BRDA:115,4,1,40
BRDA:115,4,2,20
BRDA:122,5,0,8
BRDA:122,5,1,12
BRDA:123,6,0,20
BRDA:123,6,1,10
BRDA:123,6,2,10
BRDA:123,6,3,8
BRDA:123,6,4,6
BRDA:123,6,5,4
BRDA:133,7,0,12
BRDA:133,7,1,0
BRDA:134,8,0,12
BRDA:134,8,1,12
BRDA:146,9,0,10
BRDA:146,9,1,17
BRDA:154,10,0,10
BRDA:154,10,1,23
BRF:30
BRH:26
end_of_record
TN:
SF:/Users/petrpotapov/new_projects/test-typescript-eslint/packages/eslint-plugin/src/rules/consistent-type-definitions.ts
FN:27,(anonymous_1)
FN:31,(anonymous_2)
FN:38,(anonymous_3)
FN:67,(anonymous_4)
FN:72,(anonymous_5)
FN:88,(anonymous_6)
FNF:6
FNH:6
FNDA:30,(anonymous_1)
FNDA:10,(anonymous_2)
FNDA:4,(anonymous_3)
FNDA:12,(anonymous_4)
FNDA:6,(anonymous_5)
FNDA:4,(anonymous_6)
DA:2,4
DA:4,4
DA:28,30
DA:30,30
DA:34,10
DA:35,4
DA:39,4
DA:40,4
DA:42,4
DA:43,4
DA:44,4
DA:45,4
DA:53,4
DA:54,4
DA:59,4
DA:62,4
DA:68,12
DA:69,6
DA:73,6
DA:74,6
DA:76,6
DA:77,6
DA:78,6
DA:79,6
DA:87,6
DA:88,2
DA:89,4
DA:90,4
DA:96,6
LF:29
LH:29
BRDA:34,0,0,4
BRDA:34,0,1,6
BRDA:39,1,0,4
BRDA:39,1,1,3
BRDA:43,2,0,4
BRDA:43,2,1,0
BRDA:54,3,0,4
BRDA:54,3,1,0
BRDA:55,4,0,4
BRDA:55,4,1,4
BRDA:55,4,2,4
BRDA:68,5,0,6
BRDA:68,5,1,6
BRDA:73,6,0,6
BRDA:73,6,1,5
BRDA:77,7,0,6
BRDA:77,7,1,0
BRDA:87,8,0,2
BRDA:87,8,1,4
BRF:19
BRH:16
end_of_record
TN:
SF:/Users/petrpotapov/new_projects/test-typescript-eslint/packages/eslint-plugin/src/rules/explicit-function-return-type.ts
FN:60,(anonymous_1)
FN:67,getLocStart
FN:90,getLocEnd
FN:100,(anonymous_4)
FN:112,isConstructor
FN:123,isSetter
FN:136,isVariableDeclaratorWithTypeAnnotation
FN:149,isClassPropertyWithTypeAnnotation
FN:160,isConstructorArgument
FN:169,isTypeCast
FN:182,isPropertyOfObjectWithType
FN:218,doesImmediatelyReturnFunctionExpression
FN:257,isFunctionArgument
FN:272,returnsConstAssertionDirectly
FN:295,checkFunctionReturnType
FN:326,checkFunctionExpressionReturnType
FNF:16
FNH:16
FNDA:62,(anonymous_1)
FNDA:44,getLocStart
FNDA:44,getLocEnd
FNDA:29,(anonymous_4)
FNDA:49,isConstructor
FNDA:47,isSetter
FNDA:99,isVariableDeclaratorWithTypeAnnotation
FNDA:97,isClassPropertyWithTypeAnnotation
FNDA:77,isConstructorArgument
FNDA:103,isTypeCast
FNDA:91,isPropertyOfObjectWithType
FNDA:92,doesImmediatelyReturnFunctionExpression
FNDA:89,isFunctionArgument
FNDA:53,returnsConstAssertionDirectly
FNDA:92,checkFunctionReturnType
FNDA:110,checkFunctionExpressionReturnType
DA:1,4
DA:6,4
DA:18,4
DA:61,62
DA:74,44
DA:75,44
DA:80,4
DA:83,40
DA:97,44
DA:98,26
DA:101,29
DA:105,18
DA:113,49
DA:124,47
DA:139,99
DA:150,97
DA:161,77
DA:170,103
DA:185,91
DA:186,84
DA:188,7
DA:189,7
DA:196,7
DA:197,7
DA:201,7
DA:225,92
DA:230,92
DA:234,38
DA:237,38
DA:242,26
DA:247,92
DA:261,89
DA:275,53
DA:276,53
DA:277,6
DA:278,6
DA:279,5
DA:280,5
DA:284,4
DA:289,49
DA:301,92
DA:305,26
DA:308,66
DA:313,22
DA:316,44
DA:330,110
DA:331,110
DA:332,96
DA:340,21
DA:344,89
DA:351,4
DA:356,85
DA:361,4
DA:364,81
DA:367,62
LF:55
LH:55
BRDA:75,0,0,4
BRDA:75,0,1,40
BRDA:76,1,0,44
BRDA:76,1,1,44
BRDA:76,1,2,41
BRDA:76,1,3,5
BRDA:97,2,0,26
BRDA:97,2,1,18
BRDA:101,3,0,29
BRDA:101,3,1,29
BRDA:114,4,0,49
BRDA:114,4,1,49
BRDA:114,4,2,7
BRDA:125,5,0,47
BRDA:125,5,1,47
BRDA:125,5,2,42
BRDA:125,5,3,11
BRDA:140,6,0,99
BRDA:140,6,1,19
BRDA:151,7,0,97
BRDA:151,7,1,8
BRDA:171,8,0,103
BRDA:171,8,1,101
BRDA:185,9,0,84
BRDA:185,9,1,7
BRDA:185,10,0,91
BRDA:185,10,1,91
BRDA:189,11,0,7
BRDA:190,12,0,7
BRDA:190,12,1,7
BRDA:197,13,0,7
BRDA:202,14,0,7
BRDA:202,14,1,5
BRDA:202,14,2,5
BRDA:202,14,3,4
BRDA:225,15,0,92
BRDA:230,16,0,38
BRDA:230,16,1,54
BRDA:231,17,0,92
BRDA:231,17,1,68
BRDA:237,18,0,26
BRDA:237,18,1,12
BRDA:238,19,0,38
BRDA:238,19,1,35
BRDA:248,20,0,92
BRDA:248,20,1,76
BRDA:262,21,0,89
BRDA:262,21,1,12
BRDA:276,22,0,6
BRDA:276,22,1,47
BRDA:278,23,0,5
BRDA:278,23,1,1
BRDA:280,24,0,4
BRDA:280,24,1,1
BRDA:281,25,0,5
BRDA:281,25,1,5
BRDA:301,26,0,26
BRDA:301,26,1,66
BRDA:302,27,0,92
BRDA:302,27,1,92
BRDA:308,28,0,22
BRDA:308,28,1,44
BRDA:309,29,0,66
BRDA:309,29,1,49
BRDA:309,29,2,47
BRDA:330,30,0,110
BRDA:331,31,0,96
BRDA:331,31,1,14
BRDA:332,32,0,21
BRDA:332,32,1,75
BRDA:333,33,0,96
BRDA:333,33,1,94
BRDA:333,33,2,92
BRDA:333,33,3,91
BRDA:333,33,4,85
BRDA:333,33,5,77
BRDA:344,34,0,4
BRDA:344,34,1,85
BRDA:345,35,0,89
BRDA:345,35,1,13
BRDA:345,35,2,11
BRDA:345,35,3,11
BRDA:345,35,4,9
BRDA:356,36,0,4
BRDA:356,36,1,81
BRDA:357,37,0,85
BRDA:357,37,1,54
BRDA:357,37,2,53
BRF:88
BRH:88
end_of_record
TN:
SF:/Users/petrpotapov/new_projects/test-typescript-eslint/packages/eslint-plugin/src/rules/explicit-member-accessibility.ts
FN:76,(anonymous_1)
FN:89,reportIssue
FN:109,checkMethodAccessibilityModifier
FN:161,checkPropertyAccessibilityModifier
FN:191,checkParameterPropertyAccessibilityModifier
FNF:5
FNH:5
FNDA:37,(anonymous_1)
FNDA:20,reportIssue
FNDA:49,checkMethodAccessibilityModifier
FNDA:23,checkPropertyAccessibilityModifier
FNDA:17,checkParameterPropertyAccessibilityModifier
DA:1,4
DA:5,4
DA:28,4
DA:30,4
DA:77,37
DA:78,37
DA:79,37
DA:80,37
DA:81,37
DA:82,37
DA:83,37
DA:84,37
DA:85,37
DA:95,20
DA:112,49
DA:113,49
DA:114,49
DA:116,17
DA:117,17
DA:119,22
DA:120,22
DA:123,10
DA:124,10
DA:125,10
DA:128,49
DA:133,49
DA:134,11
DA:137,38
DA:141,2
DA:147,36
DA:148,9
DA:164,23
DA:166,23
DA:167,23
DA:171,2
DA:177,21
DA:178,2
DA:194,17
DA:196,17
DA:200,0
DA:204,17
DA:209,17
DA:211,7
DA:212,4
DA:214,7
DA:217,4
DA:218,1
DA:225,4
DA:230,37
LF:49
LH:48
BRDA:78,0,0,37
BRDA:78,0,1,0
BRDA:79,1,0,37
BRDA:79,1,1,21
BRDA:80,2,0,37
BRDA:80,2,1,34
BRDA:81,3,0,37
BRDA:81,3,1,36
BRDA:82,4,0,37
BRDA:82,4,1,36
BRDA:83,5,0,37
BRDA:83,5,1,37
BRDA:84,6,0,37
BRDA:84,6,1,24
BRDA:85,7,0,37
BRDA:85,7,1,33
BRDA:115,8,0,17
BRDA:115,8,1,22
BRDA:115,8,2,6
BRDA:115,8,3,10
BRDA:133,9,0,11
BRDA:133,9,1,38
BRDA:133,10,0,49
BRDA:133,10,1,42
BRDA:137,11,0,2
BRDA:137,11,1,36
BRDA:138,12,0,38
BRDA:138,12,1,10
BRDA:147,13,0,9
BRDA:147,13,1,27
BRDA:147,14,0,36
BRDA:147,14,1,28
BRDA:167,15,0,2
BRDA:167,15,1,21
BRDA:168,16,0,23
BRDA:168,16,1,9
BRDA:177,17,0,2
BRDA:177,17,1,19
BRDA:177,18,0,21
BRDA:177,18,1,14
BRDA:196,19,0,0
BRDA:196,19,1,17
BRDA:197,20,0,17
BRDA:197,20,1,0
BRDA:205,21,0,17
BRDA:205,21,1,0
BRDA:210,22,0,7
BRDA:210,22,1,4
BRDA:211,23,0,4
BRDA:211,23,1,3
BRDA:217,24,0,1
BRDA:217,24,1,3
BRDA:217,25,0,4
BRDA:217,25,1,3
BRF:54
BRH:50
end_of_record
TN:
SF:/Users/petrpotapov/new_projects/test-typescript-eslint/packages/eslint-plugin/src/rules/func-call-spacing.ts
FN:65,(anonymous_1)
FN:75,checkSpacing
FN:106,(anonymous_3)
FN:128,(anonymous_4)
FN:137,(anonymous_5)
FNF:5
FNH:5
FNDA:144,(anonymous_1)
FNDA:196,checkSpacing
FNDA:19,(anonymous_3)
FNDA:23,(anonymous_4)
FNDA:10,(anonymous_5)
DA:2,4
DA:3,4
DA:13,4
DA:66,144
DA:67,144
DA:78,196
DA:79,196
DA:82,196
DA:87,196
DA:89,3
DA:91,193
DA:93,193
DA:96,193
DA:98,193
DA:100,193
DA:101,72
DA:102,19
DA:111,19
DA:112,11
DA:118,8
DA:123,121
DA:124,23
DA:129,23
DA:132,98
DA:133,10
DA:138,10
DA:148,144
LF:27
LH:27
BRDA:80,0,0,196
BRDA:80,0,1,180
BRDA:87,1,0,3
BRDA:87,1,1,193
BRDA:87,2,0,196
BRDA:87,2,1,193
BRDA:98,3,0,193
BRDA:98,3,1,117
BRDA:100,4,0,72
BRDA:100,4,1,121
BRDA:101,5,0,19
BRDA:101,5,1,53
BRDA:111,6,0,11
BRDA:111,6,1,8
BRDA:123,7,0,23
BRDA:123,7,1,98
BRDA:132,8,0,10
BRDA:132,8,1,88
BRDA:132,9,0,98
BRDA:132,9,1,67
BRF:20
BRH:20
end_of_record
TN:
SF:/Users/petrpotapov/new_projects/test-typescript-eslint/packages/eslint-plugin/src/rules/generic-type-naming.ts
FN:30,(anonymous_1)
FN:34,(anonymous_2)
FNF:2
FNH:2
FNDA:18,(anonymous_1)
FNDA:27,(anonymous_2)
DA:1,4
DA:6,4
DA:31,18
DA:33,18
DA:35,27
DA:37,27
DA:38,14
LF:7
LH:7
BRDA:37,0,0,14
BRDA:37,0,1,13
BRDA:37,1,0,27
BRDA:37,1,1,27
BRF:4
BRH:4
end_of_record
TN:
SF:/Users/petrpotapov/new_projects/test-typescript-eslint/packages/eslint-plugin/src/rules/indent.ts
FN:111,(anonymous_2)
FN:130,TSPropertySignatureToProperty
FN:174,(anonymous_4)
FN:181,(anonymous_5)
FN:190,(anonymous_6)
FN:206,(anonymous_7)
FN:233,(anonymous_8)
FN:242,(anonymous_9)
FN:253,(anonymous_10)
FN:306,(anonymous_11)
FN:322,(anonymous_12)
FN:327,(anonymous_13)
FN:341,(anonymous_14)
FN:361,(anonymous_15)
FN:403,(anonymous_16)
FN:416,(anonymous_17)
FN:431,(anonymous_18)
FN:444,(anonymous_19)
FNF:18
FNH:18
FNDA:213,(anonymous_2)
FNDA:249,TSPropertySignatureToProperty
FNDA:3530,(anonymous_4)
FNDA:76,(anonymous_5)
FNDA:6,(anonymous_6)
FNDA:9,(anonymous_7)
FNDA:111,(anonymous_8)
FNDA:191,(anonymous_9)
FNDA:5,(anonymous_10)
FNDA:15,(anonymous_11)
FNDA:27,(anonymous_12)
FNDA:58,(anonymous_13)
FNDA:7,(anonymous_14)
FNDA:12,(anonymous_15)
FNDA:7,(anonymous_16)
FNDA:9,(anonymous_17)
FNDA:12,(anonymous_18)
FNDA:33,(anonymous_19)
DA:8,4
DA:12,4
DA:13,4
DA:18,4
DA:86,4
DA:114,213
DA:122,213
DA:139,249
DA:156,249
DA:157,191
DA:162,58
DA:172,213
DA:176,3530
DA:177,2000
DA:183,76
DA:184,1
DA:187,75
DA:192,6
DA:208,9
DA:237,111
DA:243,191
DA:256,5
DA:258,5
DA:308,15
DA:324,27
DA:328,58
DA:345,7
DA:362,12
DA:363,12
DA:368,12
DA:405,7
DA:417,9
DA:433,12
DA:445,33
DA:449,33
LF:35
LH:35
BRDA:137,0,0,191
BRDA:156,1,0,191
BRDA:156,1,1,58
BRDA:176,2,0,2000
BRDA:176,2,1,1530
BRDA:183,3,0,1
BRDA:183,3,1,75
BRDA:289,4,0,5
BRDA:289,4,1,0
BRDA:380,5,0,12
BRDA:380,5,1,0
BRDA:386,6,0,12
BRDA:386,6,1,0
BRF:13
BRH:10
end_of_record
TN:
SF:/Users/petrpotapov/new_projects/test-typescript-eslint/packages/eslint-plugin/src/rules/index.ts
FNF:0
FNH:0
DA:1,3
DA:2,3
DA:3,3
DA:4,3
DA:5,3
DA:6,3
DA:7,3
DA:8,3
DA:9,3
DA:10,3
DA:11,3
DA:12,3
DA:13,3
DA:14,3
DA:15,3
DA:16,3
DA:17,3
DA:18,3
DA:19,3
DA:20,3
DA:21,3
DA:22,3
DA:23,3
DA:24,3
DA:25,3
DA:26,3
DA:27,3
DA:28,3
DA:29,3
DA:30,3
DA:31,3
DA:32,3
DA:33,3
DA:34,3
DA:35,3
DA:36,3
DA:37,3
DA:38,3
DA:39,3
DA:40,3
DA:41,3
DA:42,3
DA:43,3
DA:44,3
DA:45,3
DA:46,3
DA:47,3
DA:48,3
DA:49,3
DA:50,3
DA:51,3
DA:52,3
DA:53,3
DA:54,3
DA:55,3
DA:56,3
DA:57,3
DA:58,3
DA:59,3
DA:60,3
DA:61,3
DA:62,3
DA:63,3
DA:64,3
DA:65,3
DA:67,3
LF:66
LH:66
BRF:0
BRH:0
end_of_record
TN:
SF:/Users/petrpotapov/new_projects/test-typescript-eslint/packages/eslint-plugin/src/rules/interface-name-prefix.ts
FN:28,parseOptions
FN:97,(anonymous_2)
FN:104,isPrefixedWithI
FN:116,isPrefixedWithIOrUnderscoreI
FN:125,(anonymous_5)
FNF:5
FNH:5
FNDA:20,parseOptions
FNDA:14,(anonymous_2)
FNDA:4,isPrefixedWithI
FNDA:10,isPrefixedWithIOrUnderscoreI
FNDA:14,(anonymous_5)
DA:1,4
DA:28,4
DA:29,20
DA:30,5
DA:32,15
DA:33,4
DA:38,11
DA:41,4
DA:98,14
DA:105,4
DA:106,0
DA:109,4
DA:117,10
DA:118,0
DA:121,10
DA:124,14
DA:126,14
DA:127,8
DA:128,4
DA:134,6
DA:135,2
DA:136,1
DA:142,4
DA:143,2
LF:24
LH:22
BRDA:29,0,0,5
BRDA:29,0,1,15
BRDA:32,1,0,4
BRDA:32,1,1,11
BRDA:32,2,0,15
BRDA:32,2,1,8
BRDA:105,3,0,0
BRDA:105,3,1,4
BRDA:117,4,0,0
BRDA:117,4,1,10
BRDA:126,5,0,8
BRDA:126,5,1,6
BRDA:127,6,0,4
BRDA:127,6,1,4
BRDA:134,7,0,2
BRDA:134,7,1,4
BRDA:135,8,0,1
BRDA:135,8,1,1
BRDA:142,9,0,2
BRDA:142,9,1,2
BRF:20
BRH:18
end_of_record
TN:
SF:/Users/petrpotapov/new_projects/test-typescript-eslint/packages/eslint-plugin/src/rules/member-delimiter-style.ts
FN:102,(anonymous_1)
FN:123,checkLastToken
FN:132,getOption
FN:191,(anonymous_4)
FN:215,checkMemberSeparatorStyle
FN:229,(anonymous_6)
FNF:6
FNH:6
FNDA:239,(anonymous_1)
FNDA:474,checkLastToken
FNDA:1422,getOption
FNDA:142,(anonymous_4)
FNDA:244,checkMemberSeparatorStyle
FNDA:474,(anonymous_6)
DA:1,4
DA:5,4
DA:32,4
DA:56,4
DA:103,239
DA:106,239
DA:107,239
DA:108,239
DA:112,239
DA:133,1422
DA:135,306
DA:137,1116
DA:140,474
DA:141,474
DA:142,474
DA:145,474
DA:146,0
DA:149,474
DA:150,474
DA:151,474
DA:153,474
DA:154,155
DA:155,22
DA:156,133
DA:157,32
DA:158,32
DA:160,319
DA:161,110
DA:162,7
DA:163,103
DA:164,25
DA:165,25
DA:168,209
DA:169,32
DA:170,32
DA:171,177
DA:172,24
DA:173,24
DA:177,474
DA:178,142
DA:192,142
DA:194,57
DA:197,85
DA:199,85
DA:201,56
DA:205,29
DA:218,244
DA:221,244
DA:224,244
DA:227,244
DA:229,244
DA:230,474
DA:234,239
LF:53
LH:52
BRDA:107,0,0,239
BRDA:107,0,1,139
BRDA:133,1,0,306
BRDA:133,1,1,1116
BRDA:133,2,0,1422
BRDA:133,2,1,732
BRDA:145,3,0,0
BRDA:145,3,1,474
BRDA:153,4,0,155
BRDA:153,4,1,319
BRDA:154,5,0,22
BRDA:154,5,1,133
BRDA:156,6,0,32
BRDA:156,6,1,101
BRDA:160,7,0,110
BRDA:160,7,1,209
BRDA:161,8,0,7
BRDA:161,8,1,103
BRDA:163,9,0,25
BRDA:163,9,1,78
BRDA:168,10,0,32
BRDA:168,10,1,177
BRDA:171,11,0,24
BRDA:171,11,1,153
BRDA:177,12,0,142
BRDA:177,12,1,332
BRDA:192,13,0,57
BRDA:192,13,1,85
BRDA:197,14,0,39
BRDA:197,14,1,46
BRDA:199,15,0,56
BRDA:199,15,1,29
BRDA:221,16,0,124
BRDA:221,16,1,120
BRDA:225,17,0,124
BRDA:225,17,1,120
BRDA:227,18,0,36
BRDA:227,18,1,208
BRDA:230,19,0,474
BRDA:230,19,1,0
BRF:40
BRH:38
end_of_record
TN:
SF:/Users/petrpotapov/new_projects/test-typescript-eslint/packages/eslint-plugin/src/rules/member-naming.ts
FN:56,(anonymous_1)
FN:61,(anonymous_2)
FN:67,getParameterNode
FN:81,validateParameterName
FN:90,validateName
FN:115,validate
FNF:6
FNH:6
FNDA:20,(anonymous_1)
FNDA:35,(anonymous_2)
FNDA:8,getParameterNode
FNDA:8,validateParameterName
FNDA:40,validateName
FNDA:41,validate
DA:1,4
DA:5,4
DA:16,4
DA:57,20
DA:59,20
DA:62,35
DA:64,35
DA:70,8
DA:71,2
DA:74,6
DA:75,4
DA:78,2
DA:82,8
DA:83,8
DA:84,2
DA:87,6
DA:93,40
DA:97,5
DA:100,35
DA:120,41
DA:121,41
DA:122,22
DA:125,19
DA:132,20
LF:24
LH:24
BRDA:70,0,0,2
BRDA:70,0,1,6
BRDA:74,1,0,4
BRDA:74,1,1,2
BRDA:83,2,0,2
BRDA:83,2,1,6
BRDA:93,3,0,5
BRDA:93,3,1,35
BRDA:94,4,0,40
BRDA:94,4,1,24
BRDA:118,5,0,10
BRDA:121,6,0,22
BRDA:121,6,1,19
BRDA:121,7,0,41
BRDA:121,7,1,39
BRF:15
BRH:15
end_of_record
TN:
SF:/Users/petrpotapov/new_projects/test-typescript-eslint/packages/eslint-plugin/src/rules/member-ordering.ts
FN:20,(anonymous_1)
FN:23,(anonymous_2)
FN:28,(anonymous_3)
FN:181,(anonymous_4)
FN:193,getNodeType
FN:222,getMemberName
FN:255,getRankOrder
FN:272,getRank
FN:334,getLowestRank
FN:341,(anonymous_10)
FN:357,validateMembersOrder
FN:366,(anonymous_12)
FN:388,(anonymous_13)
FN:395,(anonymous_14)
FN:402,(anonymous_15)
FN:409,(anonymous_16)
FNF:16
FNH:16
FNDA:12,(anonymous_1)
FNDA:36,(anonymous_2)
FNDA:72,(anonymous_3)
FNDA:104,(anonymous_4)
FNDA:1031,getNodeType
FNDA:131,getMemberName
FNDA:1028,getRankOrder
FNDA:1031,getRank
FNDA:131,getLowestRank
FNDA:551,(anonymous_10)
FNDA:120,validateMembersOrder
FNDA:1031,(anonymous_12)
FNDA:44,(anonymous_13)
FNDA:25,(anonymous_14)
FNDA:17,(anonymous_15)
FNDA:34,(anonymous_16)
DA:1,4
DA:5,4
DA:19,4
DA:21,12
DA:23,12
DA:24,36
DA:26,36
DA:28,24
DA:29,72
DA:30,24
DA:33,72
DA:38,12
DA:43,4
DA:182,104
DA:184,104
DA:198,1031
DA:201,374
DA:203,145
DA:205,18
DA:208,337
DA:212,154
DA:214,3
DA:225,131
DA:230,73
DA:233,50
DA:237,8
DA:239,0
DA:256,1028
DA:257,1028
DA:259,1028
DA:260,2606
DA:263,1028
DA:277,1031
DA:278,1031
DA:280,3
DA:284,1028
DA:288,1028
DA:294,1028
DA:298,1028
DA:300,1028
DA:301,711
DA:303,654
DA:304,654
DA:307,711
DA:310,1028
DA:312,1028
DA:339,131
DA:341,131
DA:342,551
DA:343,386
DA:347,131
DA:362,120
DA:363,112
DA:366,112
DA:367,1031
DA:369,1031
DA:370,837
DA:371,131
DA:380,706
DA:387,104
DA:389,44
DA:396,25
DA:403,17
DA:410,34
LF:64
LH:63
BRDA:26,0,0,24
BRDA:26,0,1,12
BRDA:29,1,0,24
BRDA:29,1,1,48
BRDA:199,2,0,4
BRDA:199,2,1,374
BRDA:199,2,2,145
BRDA:199,2,3,18
BRDA:199,2,4,8
BRDA:199,2,5,337
BRDA:199,2,6,154
BRDA:199,2,7,3
BRDA:209,3,0,9
BRDA:209,3,1,328
BRDA:208,4,0,337
BRDA:208,4,1,270
BRDA:226,5,0,12
BRDA:226,5,1,49
BRDA:226,5,2,50
BRDA:226,5,3,73
BRDA:226,5,4,1
BRDA:226,5,5,50
BRDA:226,5,6,8
BRDA:226,5,7,0
BRDA:234,6,0,9
BRDA:234,6,1,41
BRDA:259,7,0,3634
BRDA:259,7,1,2801
BRDA:278,8,0,3
BRDA:278,8,1,1028
BRDA:284,9,0,1028
BRDA:284,9,1,1020
BRDA:289,10,0,307
BRDA:289,10,1,721
BRDA:288,11,0,1028
BRDA:288,11,1,865
BRDA:291,12,0,12
BRDA:291,12,1,709
BRDA:295,13,0,623
BRDA:295,13,1,405
BRDA:294,14,0,1028
BRDA:294,14,1,623
BRDA:300,15,0,711
BRDA:300,15,1,317
BRDA:301,16,0,654
BRDA:301,16,1,57
BRDA:342,17,0,386
BRDA:342,17,1,165
BRDA:362,18,0,112
BRDA:362,18,1,8
BRDA:362,19,0,120
BRDA:362,19,1,120
BRDA:369,20,0,837
BRDA:369,20,1,194
BRDA:370,21,0,131
BRDA:370,21,1,706
BRDA:391,22,0,44
BRDA:391,22,1,25
BRDA:398,23,0,25
BRDA:398,23,1,11
BRDA:405,24,0,17
BRDA:405,24,1,11
BRDA:412,25,0,34
BRDA:412,25,1,26
BRF:64
BRH:63
end_of_record
TN:
SF:/Users/petrpotapov/new_projects/test-typescript-eslint/packages/eslint-plugin/src/rules/no-array-constructor.ts
FN:23,(anonymous_1)
FN:28,check
FN:40,(anonymous_3)
FNF:3
FNH:3
FNDA:28,(anonymous_1)
FNDA:20,check
FNDA:8,(anonymous_3)
DA:1,4
DA:5,4
DA:7,4
DA:31,20
DA:37,8
DA:41,8
DA:42,3
DA:44,5
DA:45,5
DA:47,5
DA:56,28
LF:11
LH:11
BRDA:31,0,0,8
BRDA:31,0,1,12
BRDA:32,1,0,20
BRDA:32,1,1,16
BRDA:32,1,2,12
BRDA:32,1,3,12
BRDA:41,2,0,3
BRDA:41,2,1,5
BRF:8
BRH:8
end_of_record
TN:
SF:/Users/petrpotapov/new_projects/test-typescript-eslint/packages/eslint-plugin/src/rules/no-empty-function.ts
FN:28,(anonymous_2)
FN:37,isConstructor
FN:53,isBodyEmpty
FN:65,hasParameterProperties
FN:71,(anonymous_6)
FN:82,isConciseConstructor
FN:92,(anonymous_8)
FN:97,(anonymous_9)
FNF:8
FNH:7
FNDA:6,(anonymous_2)
FNDA:6,isConstructor
FNDA:4,isBodyEmpty
FNDA:3,hasParameterProperties
FNDA:3,(anonymous_6)
FNDA:6,isConciseConstructor
FNDA:0,(anonymous_8)
FNDA:6,(anonymous_9)
DA:1,4
DA:5,4
DA:6,4
DA:11,4
DA:29,6
DA:40,6
DA:56,4
DA:68,3
DA:71,3
DA:86,6
DA:91,6
DA:93,0
DA:94,0
DA:98,6
DA:99,5
LF:15
LH:13
BRDA:41,0,0,6
BRDA:41,0,1,6
BRDA:41,0,2,6
BRDA:56,1,0,4
BRDA:56,1,1,4
BRDA:69,2,0,3
BRDA:69,2,1,3
BRDA:87,3,0,6
BRDA:87,3,1,4
BRDA:87,3,2,3
BRDA:93,4,0,0
BRDA:93,4,1,0
BRDA:98,5,0,5
BRDA:98,5,1,1
BRF:14
BRH:12
end_of_record
TN:
SF:/Users/petrpotapov/new_projects/test-typescript-eslint/packages/eslint-plugin/src/rules/no-empty-interface.ts
FN:41,(anonymous_1)
FN:43,(anonymous_2)
FNF:2
FNH:2
FNDA:6,(anonymous_1)
FNDA:10,(anonymous_2)
DA:1,4
DA:10,4
DA:42,6
DA:44,10
DA:46,5
DA:49,5
DA:50,2
DA:54,3
DA:56,2
DA:57,1
DA:59,1
LF:11
LH:11
BRDA:44,0,0,5
BRDA:44,0,1,5
BRDA:49,1,0,2
BRDA:49,1,1,3
BRDA:49,2,0,5
BRDA:49,2,1,3
BRDA:54,3,0,2
BRDA:54,3,1,1
BRDA:56,4,0,1
BRDA:56,4,1,1
BRF:10
BRH:10
end_of_record
TN:
SF:/Users/petrpotapov/new_projects/test-typescript-eslint/packages/eslint-plugin/src/rules/no-explicit-any.ts
FN:50,(anonymous_1)
FN:57,isNodeValidFunction
FN:73,isNodeRestElementInFunction
FN:87,isNodeReadonlyTSTypeOperator
FN:100,isNodeValidArrayTSTypeReference
FN:115,isNodeValidTSType
FN:128,isGreatGrandparentRestElement
FN:143,isGreatGreatGrandparentRestElement
FN:160,isNodeDescendantOfRestElementInFunction
FN:170,(anonymous_10)
FN:178,(anonymous_11)
FNF:11
FNH:11
FNDA:199,(anonymous_1)
FNDA:25,isNodeValidFunction
FNDA:55,isNodeRestElementInFunction
FNDA:30,isNodeReadonlyTSTypeOperator
FNDA:24,isNodeValidArrayTSTypeReference
FNDA:30,isNodeValidTSType
FNDA:37,isGreatGrandparentRestElement
FNDA:30,isGreatGreatGrandparentRestElement
FNDA:37,isNodeDescendantOfRestElementInFunction
FNDA:133,(anonymous_10)
FNDA:54,(anonymous_11)
DA:1,4
DA:5,4
DA:16,4
DA:58,25
DA:74,55
DA:88,30
DA:101,24
DA:116,30
DA:129,37
DA:144,30
DA:163,37
DA:169,199
DA:171,133
DA:172,25
DA:175,108
DA:177,108
DA:178,54
DA:179,54
DA:182,108
LF:19
LH:19
BRDA:75,0,0,55
BRDA:75,0,1,25
BRDA:75,0,2,25
BRDA:89,1,0,30
BRDA:89,1,1,6
BRDA:102,2,0,24
BRDA:102,2,1,12
BRDA:102,2,2,12
BRDA:102,2,3,12
BRDA:117,3,0,30
BRDA:117,3,1,24
BRDA:130,4,0,37
BRDA:130,4,1,37
BRDA:130,4,2,37
BRDA:130,4,3,37
BRDA:145,5,0,30
BRDA:145,5,1,30
BRDA:145,5,2,30
BRDA:145,5,3,18
BRDA:145,5,4,18
BRDA:145,5,5,18
BRDA:164,6,0,37
BRDA:164,6,1,30
BRDA:171,7,0,25
BRDA:171,7,1,108
BRDA:171,8,0,133
BRDA:171,8,1,37
BRDA:177,9,0,54
BRDA:177,9,1,54
BRF:29
BRH:29
end_of_record
TN:
SF:/Users/petrpotapov/new_projects/test-typescript-eslint/packages/eslint-plugin/src/rules/no-extra-parens.ts
FN:29,(anonymous_2)
FN:32,binaryExp
FN:59,callExp
FN:77,unaryUpdateExpression
FN:98,(anonymous_6)
FN:109,(anonymous_7)
FN:142,(anonymous_8)
FN:159,(anonymous_9)
FN:182,(anonymous_10)
FN:189,(anonymous_11)
FN:207,(anonymous_12)
FN:212,(anonymous_13)
FN:218,(anonymous_14)
FN:231,(anonymous_15)
FNF:14
FNH:14
FNDA:82,(anonymous_2)
FNDA:17,binaryExp
FNDA:21,callExp
FNDA:5,unaryUpdateExpression
FNDA:5,(anonymous_6)
FNDA:9,(anonymous_7)
FNDA:12,(anonymous_8)
FNDA:4,(anonymous_9)
FNDA:1,(anonymous_10)
FNDA:13,(anonymous_11)
FNDA:2,(anonymous_12)
FNDA:3,(anonymous_13)
FNDA:2,(anonymous_14)
FNDA:2,(anonymous_15)
DA:4,4
DA:9,4
DA:10,4
DA:15,4
DA:30,82
DA:35,17
DA:38,17
DA:39,1
DA:47,16
DA:48,1
DA:57,15
DA:62,21
DA:64,21
DA:66,2
DA:75,19
DA:80,5
DA:82,5
DA:84,2
DA:93,3
DA:96,82
DA:99,5
DA:100,4
DA:111,9
DA:112,1
DA:120,8
DA:121,1
DA:129,7
DA:131,1
DA:139,6
DA:145,12
DA:147,2
DA:157,10
DA:161,4
DA:162,1
DA:167,3
DA:168,1
DA:173,2
DA:174,1
DA:180,1
DA:183,1
DA:184,0
DA:190,13
DA:192,2
DA:201,11
DA:208,2
DA:209,1
DA:213,3
DA:214,1
DA:219,2
DA:223,1
DA:232,2
DA:236,1
DA:240,82
LF:53
LH:52
BRDA:38,0,0,1
BRDA:38,0,1,16
BRDA:47,1,0,1
BRDA:47,1,1,15
BRDA:64,2,0,2
BRDA:64,2,1,19
BRDA:82,3,0,2
BRDA:82,3,1,3
BRDA:99,4,0,4
BRDA:99,4,1,1
BRDA:111,5,0,1
BRDA:111,5,1,8
BRDA:120,6,0,1
BRDA:120,6,1,7
BRDA:129,7,0,1
BRDA:129,7,1,6
BRDA:145,8,0,2
BRDA:145,8,1,10
BRDA:161,9,0,1
BRDA:161,9,1,3
BRDA:161,10,0,4
BRDA:161,10,1,1
BRDA:167,11,0,1
BRDA:167,11,1,2
BRDA:167,12,0,3
BRDA:167,12,1,2
BRDA:173,13,0,1
BRDA:173,13,1,1
BRDA:173,14,0,2
BRDA:173,14,1,1
BRDA:183,15,0,0
BRDA:183,15,1,1
BRDA:190,16,0,2
BRDA:190,16,1,11
BRDA:208,17,0,1
BRDA:208,17,1,1
BRDA:213,18,0,1
BRDA:213,18,1,2
BRDA:213,19,0,3
BRDA:213,19,1,2
BRDA:219,20,0,1
BRDA:219,20,1,1
BRDA:220,21,0,2
BRDA:220,21,1,2
BRDA:232,22,0,1
BRDA:232,22,1,1
BRDA:233,23,0,2
BRDA:233,23,1,2
BRF:48
BRH:47
end_of_record
TN:
SF:/Users/petrpotapov/new_projects/test-typescript-eslint/packages/eslint-plugin/src/rules/no-extraneous-class.ts
FN:55,(anonymous_1)
FN:57,(anonymous_2)
FN:89,(anonymous_3)
FNF:3
FNH:3
FNDA:12,(anonymous_1)
FNDA:15,(anonymous_2)
FNDA:1,(anonymous_3)
DA:1,4
DA:5,4
DA:16,4
DA:56,12
DA:58,15
DA:63,15
DA:64,1
DA:67,14
DA:69,14
DA:70,3
DA:71,1
DA:74,2
DA:79,2
DA:82,11
DA:83,11
DA:85,11
DA:86,15
DA:87,4
DA:89,1
DA:92,1
DA:93,1
DA:96,11
DA:97,11
DA:98,3
DA:101,15
DA:102,4
DA:106,11
DA:107,2
DA:108,1
DA:113,2
DA:115,9
DA:116,4
LF:32
LH:32
BRDA:63,0,0,1
BRDA:63,0,1,14
BRDA:63,1,0,15
BRDA:63,1,1,15
BRDA:67,2,0,12
BRDA:67,2,1,2
BRDA:67,3,0,14
BRDA:67,3,1,14
BRDA:69,4,0,3
BRDA:69,4,1,11
BRDA:70,5,0,1
BRDA:70,5,1,2
BRDA:86,6,0,4
BRDA:86,6,1,11
BRDA:86,7,0,15
BRDA:86,7,1,12
BRDA:87,8,0,1
BRDA:87,8,1,3
BRDA:97,9,0,3
BRDA:97,9,1,8
BRDA:97,10,0,11
BRDA:97,10,1,11
BRDA:101,11,0,4
BRDA:101,11,1,11
BRDA:101,12,0,15
BRDA:101,12,1,4
BRDA:106,13,0,2
BRDA:106,13,1,9
BRDA:107,14,0,1
BRDA:107,14,1,1
BRDA:115,15,0,4
BRDA:115,15,1,5
BRDA:115,16,0,9
BRDA:115,16,1,5
BRF:34
BRH:34
end_of_record
TN:
SF:/Users/petrpotapov/new_projects/test-typescript-eslint/packages/eslint-plugin/src/rules/no-floating-promises.ts
FN:41,(anonymous_1)
FN:46,(anonymous_2)
FN:60,isUnhandledPromise
FN:126,isPromiseLike
FN:138,(anonymous_5)
FN:150,hasMatchingSignature
FN:163,isFunctionParam
FN:179,isPromiseCatchCallWithHandler
FN:187,isPromiseThenCallWithRejectionHandler
FNF:9
FNH:9
FNDA:35,(anonymous_1)
FNDA:92,(anonymous_2)
FNDA:113,isUnhandledPromise
FNDA:103,isPromiseLike
FNDA:73,(anonymous_5)
FNDA:74,hasMatchingSignature
FNDA:140,isFunctionParam
FNDA:57,isPromiseCatchCallWithHandler
FNDA:37,isPromiseThenCallWithRejectionHandler
DA:1,4
DA:2,4
DA:4,4
DA:12,4
DA:42,35
DA:43,35
DA:45,35
DA:47,92
DA:51,92
DA:52,35
DA:65,113
DA:72,8
DA:78,105
DA:81,2
DA:85,103
DA:86,34
DA:89,69
DA:92,57
DA:96,12
DA:99,3
DA:103,9
DA:111,8
DA:117,1
DA:127,103
DA:128,103
DA:129,107
DA:130,107
DA:131,33
DA:134,74
DA:135,74
DA:139,73
DA:144,69
DA:147,34
DA:154,74
DA:155,74
DA:156,69
DA:160,5
DA:168,140
DA:171,140
DA:172,408
DA:173,138
DA:176,2
DA:180,57
DA:190,37
LF:44
LH:44
BRDA:51,0,0,35
BRDA:51,0,1,57
BRDA:65,1,0,8
BRDA:65,1,1,105
BRDA:66,2,0,113
BRDA:66,2,1,9
BRDA:73,3,0,8
BRDA:73,3,1,6
BRDA:78,4,0,2
BRDA:78,4,1,103
BRDA:78,5,0,105
BRDA:78,5,1,3
BRDA:85,6,0,34
BRDA:85,6,1,69
BRDA:89,7,0,57
BRDA:89,7,1,12
BRDA:93,8,0,57
BRDA:93,8,1,37
BRDA:96,9,0,3
BRDA:96,9,1,9
BRDA:100,10,0,3
BRDA:100,10,1,2
BRDA:103,11,0,8
BRDA:103,11,1,1
BRDA:104,12,0,9
BRDA:104,12,1,8
BRDA:104,12,2,2
BRDA:130,13,0,33
BRDA:130,13,1,74
BRDA:135,14,0,69
BRDA:135,14,1,5
BRDA:139,15,0,73
BRDA:139,15,1,71
BRDA:139,15,2,69
BRDA:155,16,0,69
BRDA:155,16,1,5
BRDA:172,17,0,138
BRDA:172,17,1,270
BRDA:181,18,0,57
BRDA:181,18,1,55
BRDA:181,18,2,28
BRDA:191,19,0,37
BRDA:191,19,1,35
BRDA:191,19,2,19
BRF:44
BRH:44
end_of_record
TN:
SF:/Users/petrpotapov/new_projects/test-typescript-eslint/packages/eslint-plugin/src/rules/no-for-in-array.ts
FN:21,(anonymous_2)
FN:23,(anonymous_3)
FNF:2
FNH:2
FNDA:4,(anonymous_2)
FNDA:3,(anonymous_3)
DA:1,4
DA:2,4
DA:4,4
DA:22,4
DA:24,3
DA:25,3
DA:26,3
DA:30,3
DA:32,3
DA:37,2
LF:10
LH:10
BRDA:32,0,0,2
BRDA:32,0,1,1
BRDA:33,1,0,3
BRDA:33,1,1,3
BRDA:33,1,2,1
BRF:5
BRH:5
end_of_record
TN:
SF:/Users/petrpotapov/new_projects/test-typescript-eslint/packages/eslint-plugin/src/rules/no-inferrable-types.ts
FN:51,(anonymous_1)
FN:52,isFunctionCall
FN:62,isLiteral
FN:67,isIdentifier
FN:75,hasUnaryPrefix
FN:107,isInferrable
FN:188,reportInferrableType
FN:216,(anonymous_8)
FN:220,inferrableVariableVisitor
FN:229,inferrableParameterVisitor
FN:239,(anonymous_11)
FN:243,(anonymous_12)
FN:248,inferrablePropertyVisitor
FNF:13
FNH:13
FNDA:110,(anonymous_1)
FNDA:27,isFunctionCall
FNDA:14,isLiteral
FNDA:15,isIdentifier
FNDA:26,hasUnaryPrefix
FNDA:41,isInferrable
FNDA:128,reportInferrableType
FNDA:37,(anonymous_8)
FNDA:101,inferrableVariableVisitor
FNDA:10,inferrableParameterVisitor
FNDA:21,(anonymous_11)
FNDA:18,(anonymous_12)
FNDA:16,inferrablePropertyVisitor
DA:1,4
DA:5,4
DA:15,4
DA:56,27
DA:63,14
DA:71,15
DA:79,26
DA:94,110
DA:111,41
DA:114,4
DA:118,4
DA:125,6
DA:132,14
DA:136,14
DA:144,1
DA:147,6
DA:154,1
DA:157,3
DA:162,3
DA:165,3
DA:168,3
DA:170,3
DA:173,0
DA:177,2
DA:182,4
DA:196,128
DA:197,87
DA:200,41
DA:201,4
DA:205,37
DA:210,37
DA:216,37
DA:223,101
DA:224,0
DA:226,101
DA:235,10
DA:236,3
DA:238,7
DA:240,21
DA:244,18
DA:253,16
DA:254,7
DA:256,9
DA:259,110
LF:44
LH:42
BRDA:57,0,0,27
BRDA:57,0,1,9
BRDA:57,0,2,9
BRDA:64,1,0,14
BRDA:64,1,1,13
BRDA:72,2,0,15
BRDA:72,2,1,7
BRDA:80,3,0,26
BRDA:80,3,1,12
BRDA:112,4,0,4
BRDA:112,4,1,6
BRDA:112,4,2,14
BRDA:112,4,3,1
BRDA:112,4,4,6
BRDA:112,4,5,1
BRDA:112,4,6,3
BRDA:112,4,7,2
BRDA:115,5,0,2
BRDA:115,5,1,2
BRDA:119,6,0,4
BRDA:119,6,1,2
BRDA:126,7,0,6
BRDA:126,7,1,5
BRDA:126,7,2,4
BRDA:133,8,0,8
BRDA:133,8,1,6
BRDA:137,9,0,14
BRDA:137,9,1,8
BRDA:137,9,2,5
BRDA:144,10,0,1
BRDA:144,10,1,1
BRDA:148,11,0,6
BRDA:148,11,1,5
BRDA:148,11,2,1
BRDA:157,12,0,3
BRDA:157,12,1,0
BRDA:158,13,0,3
BRDA:158,13,1,3
BRDA:162,14,0,3
BRDA:162,14,1,1
BRDA:165,15,0,3
BRDA:165,15,1,1
BRDA:165,15,2,1
BRDA:170,16,0,3
BRDA:170,16,1,2
BRDA:170,16,2,1
BRDA:178,17,0,2
BRDA:178,17,1,1
BRDA:196,18,0,87
BRDA:196,18,1,41
BRDA:196,19,0,128
BRDA:196,19,1,41
BRDA:196,19,2,41
BRDA:200,20,0,4
BRDA:200,20,1,37
BRDA:207,21,0,3
BRDA:207,21,1,34
BRDA:223,22,0,0
BRDA:223,22,1,101
BRDA:235,23,0,3
BRDA:235,23,1,7
BRDA:235,24,0,10
BRDA:235,24,1,7
BRDA:240,25,0,21
BRDA:240,25,1,18
BRDA:240,25,2,18
BRDA:253,26,0,7
BRDA:253,26,1,9
BRDA:253,27,0,16
BRDA:253,27,1,13
BRDA:253,27,2,12
BRF:71
BRH:69
end_of_record
TN:
SF:/Users/petrpotapov/new_projects/test-typescript-eslint/packages/eslint-plugin/src/rules/no-magic-numbers.ts
FN:55,(anonymous_2)
FN:63,isNumber
FN:73,isGrandparentTSTypeAliasDeclaration
FN:85,isGrandparentTSUnionType
FN:103,isParentTSEnumDeclaration
FN:116,isParentTSLiteralType
FN:128,isTSNumericLiteralType
FN:162,isParentTSReadonlyClassProperty
FN:183,(anonymous_10)
FNF:9
FNH:9
FNDA:18,(anonymous_2)
FNDA:35,isNumber
FNDA:13,isGrandparentTSTypeAliasDeclaration
FNDA:6,isGrandparentTSUnionType
FNDA:3,isParentTSEnumDeclaration
FNDA:9,isParentTSLiteralType
FNDA:9,isTSNumericLiteralType
FNDA:23,isParentTSReadonlyClassProperty
FNDA:36,(anonymous_10)
DA:1,4
DA:5,4
DA:6,4
DA:11,4
DA:15,4
DA:56,18
DA:64,35
DA:74,13
DA:86,6
DA:91,5
DA:94,1
DA:104,3
DA:117,9
DA:130,9
DA:135,2
DA:139,9
DA:140,1
DA:144,8
DA:145,2
DA:149,6
DA:150,5
DA:153,1
DA:163,23
DA:168,6
DA:171,23
DA:176,12
DA:179,11
DA:182,18
DA:185,36
DA:186,3
DA:190,33
DA:195,7
DA:199,26
DA:200,12
DA:201,6
DA:206,6
DA:207,6
DA:209,6
DA:213,2
DA:214,2
DA:217,6
DA:223,6
DA:227,14
LF:43
LH:43
BRDA:12,0,0,4
BRDA:12,0,1,0
BRDA:75,1,0,13
BRDA:75,1,1,0
BRDA:74,2,0,13
BRDA:74,2,1,13
BRDA:86,3,0,5
BRDA:86,3,1,1
BRDA:87,4,0,6
BRDA:87,4,1,6
BRDA:87,4,2,6
BRDA:105,5,0,3
BRDA:105,5,1,3
BRDA:118,6,0,9
BRDA:118,6,1,0
BRDA:130,7,0,2
BRDA:130,7,1,7
BRDA:131,8,0,9
BRDA:131,8,1,9
BRDA:131,8,2,2
BRDA:139,9,0,1
BRDA:139,9,1,8
BRDA:144,10,0,2
BRDA:144,10,1,6
BRDA:149,11,0,5
BRDA:149,11,1,1
BRDA:163,12,0,6
BRDA:163,12,1,17
BRDA:164,13,0,23
BRDA:164,13,1,23
BRDA:164,13,2,6
BRDA:171,14,0,12
BRDA:171,14,1,11
BRDA:172,15,0,23
BRDA:172,15,1,23
BRDA:172,15,2,12
BRDA:185,16,0,3
BRDA:185,16,1,33
BRDA:185,17,0,36
BRDA:185,17,1,3
BRDA:190,18,0,7
BRDA:190,18,1,26
BRDA:191,19,0,33
BRDA:191,19,1,9
BRDA:191,19,2,9
BRDA:199,20,0,12
BRDA:199,20,1,14
BRDA:199,21,0,26
BRDA:199,21,1,23
BRDA:200,22,0,6
BRDA:200,22,1,6
BRDA:209,23,0,2
BRDA:209,23,1,4
BRDA:210,24,0,6
BRDA:210,24,1,6
BRF:55
BRH:52
end_of_record
TN:
SF:/Users/petrpotapov/new_projects/test-typescript-eslint/packages/eslint-plugin/src/rules/no-misused-new.ts
FN:23,(anonymous_1)
FN:28,getTypeReferenceName
FN:54,isMatchingParentType
FN:70,(anonymous_4)
FN:86,(anonymous_5)
FN:94,(anonymous_6)
FNF:6
FNH:6
FNDA:12,(anonymous_1)
FNDA:15,getTypeReferenceName
FNDA:6,isMatchingParentType
FNDA:3,(anonymous_4)
FNDA:2,(anonymous_5)
FNDA:4,(anonymous_6)
DA:1,4
DA:5,4
DA:7,4
DA:35,15
DA:36,14
DA:38,5
DA:40,4
DA:42,4
DA:44,1
DA:47,2
DA:58,6
DA:64,6
DA:66,0
DA:69,12
DA:73,3
DA:80,2
DA:89,2
DA:97,4
DA:98,3
DA:102,2
LF:20
LH:19
BRDA:35,0,0,14
BRDA:35,0,1,1
BRDA:37,1,0,5
BRDA:37,1,1,4
BRDA:37,1,2,4
BRDA:37,1,3,1
BRDA:58,2,0,6
BRDA:58,2,1,0
BRDA:59,3,0,6
BRDA:59,3,1,6
BRDA:59,3,2,6
BRDA:59,3,3,6
BRDA:73,4,0,2
BRDA:73,4,1,1
BRDA:97,5,0,3
BRDA:97,5,1,1
BRDA:98,6,0,2
BRDA:98,6,1,1
BRDA:99,7,0,3
BRDA:99,7,1,3
BRF:20
BRH:19
end_of_record
TN:
SF:/Users/petrpotapov/new_projects/test-typescript-eslint/packages/eslint-plugin/src/rules/no-misused-promises.ts
FN:50,(anonymous_2)
FN:59,(anonymous_3)
FN:64,(anonymous_4)
FN:77,checkTestConditional
FN:85,checkConditional
FN:95,checkArguments
FN:132,isAlwaysThenable
FN:179,isFunctionParam
FN:198,voidFunctionParams
FN:243,returnsThenable
FNF:10
FNH:10
FNDA:44,(anonymous_2)
FNDA:8,(anonymous_3)
FNDA:3,(anonymous_4)
FNDA:22,checkTestConditional
FNDA:31,checkConditional
FNDA:47,checkArguments
FNDA:31,isAlwaysThenable
FNDA:11,isFunctionParam
FNDA:47,voidFunctionParams
FNDA:7,returnsThenable
DA:2,4
DA:3,4
DA:5,4
DA:14,4
DA:51,44
DA:52,44
DA:54,44
DA:62,8
DA:65,3
DA:66,2
DA:72,44
DA:80,22
DA:81,21
DA:86,31
DA:87,31
DA:88,10
DA:98,47
DA:101,47
DA:102,47
DA:103,40
DA:106,7
DA:107,10
DA:108,3
DA:111,7
DA:112,7
DA:113,5
DA:121,44
DA:133,31
DA:135,31
DA:136,31
DA:140,31
DA:141,20
DA:147,11
DA:148,11
DA:149,11
DA:150,11
DA:151,12
DA:155,10
DA:156,10
DA:162,11
DA:163,10
DA:169,11
DA:170,1
DA:176,10
DA:184,11
DA:187,11
DA:188,31
DA:189,10
DA:192,1
DA:202,47
DA:203,47
DA:204,47
DA:206,47
DA:208,47
DA:211,47
DA:212,88
DA:213,66
DA:217,66
DA:218,97
DA:219,9
DA:220,9
DA:221,7
DA:222,2
DA:225,1
DA:235,47
DA:236,1
DA:239,47
DA:247,7
DA:249,7
DA:250,7
DA:251,7
DA:252,7
DA:253,5
DA:258,2
LF:74
LH:74
BRDA:65,0,0,2
BRDA:65,0,1,1
BRDA:80,1,0,21
BRDA:80,1,1,1
BRDA:87,2,0,10
BRDA:87,2,1,21
BRDA:102,3,0,40
BRDA:102,3,1,7
BRDA:107,4,0,3
BRDA:107,4,1,7
BRDA:112,5,0,5
BRDA:112,5,1,2
BRDA:122,6,0,35
BRDA:122,6,1,9
BRDA:123,7,0,42
BRDA:123,7,1,2
BRDA:140,8,0,20
BRDA:140,8,1,11
BRDA:151,9,0,10
BRDA:151,9,1,2
BRDA:152,10,0,12
BRDA:152,10,1,11
BRDA:162,11,0,10
BRDA:162,11,1,1
BRDA:169,12,0,1
BRDA:169,12,1,10
BRDA:188,13,0,10
BRDA:188,13,1,21
BRDA:209,14,0,45
BRDA:209,14,1,2
BRDA:220,15,0,7
BRDA:220,15,1,2
BRDA:222,16,0,1
BRDA:222,16,1,1
BRDA:252,17,0,5
BRDA:252,17,1,2
BRF:36
BRH:36
end_of_record
TN:
SF:/Users/petrpotapov/new_projects/test-typescript-eslint/packages/eslint-plugin/src/rules/no-namespace.ts
FN:50,(anonymous_1)
FN:54,(anonymous_2)
FNF:2
FNH:2
FNDA:20,(anonymous_1)
FNDA:22,(anonymous_2)
DA:1,4
DA:5,4
DA:15,4
DA:51,20
DA:53,20
DA:57,22
DA:63,7
DA:66,15
LF:8
LH:8
BRDA:57,0,0,7
BRDA:57,0,1,15
BRDA:58,1,0,22
BRDA:58,1,1,22
BRDA:58,1,2,19
BRDA:58,1,3,15
BRDA:58,1,4,17
BRDA:58,1,5,2
BRF:8
BRH:8
end_of_record
TN:
SF:/Users/petrpotapov/new_projects/test-typescript-eslint/packages/eslint-plugin/src/rules/no-non-null-assertion.ts
FN:19,(anonymous_1)
FN:21,(anonymous_2)
FNF:2
FNH:2
FNDA:2,(anonymous_1)
FNDA:1,(anonymous_2)
DA:1,4
DA:3,4
DA:20,2
DA:22,1
LF:4
LH:4
BRF:0
BRH:0
end_of_record
TN:
SF:/Users/petrpotapov/new_projects/test-typescript-eslint/packages/eslint-plugin/src/rules/no-parameter-properties.ts
FN:66,(anonymous_1)
FN:71,getModifiers
FN:85,(anonymous_3)
FNF:3
FNH:3
FNDA:42,(anonymous_1)
FNDA:54,getModifiers
FNDA:54,(anonymous_3)
DA:1,4
DA:5,4
DA:22,4
DA:72,54
DA:74,54
DA:75,50
DA:77,54
DA:78,13
DA:81,54
DA:84,42
DA:86,54
DA:88,54
DA:90,41
DA:94,2
DA:98,39
DA:103,39
LF:16
LH:16
BRDA:74,0,0,50
BRDA:74,0,1,4
BRDA:77,1,0,13
BRDA:77,1,1,41
BRDA:88,2,0,41
BRDA:88,2,1,13
BRDA:90,3,0,2
BRDA:90,3,1,39
BRDA:91,4,0,41
BRDA:91,4,1,2
BRDA:99,5,0,39
BRDA:99,5,1,0
BRF:12
BRH:11
end_of_record
TN:
SF:/Users/petrpotapov/new_projects/test-typescript-eslint/packages/eslint-plugin/src/rules/no-require-imports.ts
FN:19,(anonymous_1)
FN:21,(anonymous_2)
FN:29,(anonymous_3)
FNF:3
FNH:3
FNDA:10,(anonymous_1)
FNDA:4,(anonymous_2)
FNDA:1,(anonymous_3)
DA:2,4
DA:4,4
DA:20,10
DA:24,4
DA:30,1
LF:5
LH:5
BRF:0
BRH:0
end_of_record
TN:
SF:/Users/petrpotapov/new_projects/test-typescript-eslint/packages/eslint-plugin/src/rules/no-this-alias.ts
FN:53,(anonymous_1)
FN:55,(anonymous_2)
FNF:2
FNH:2
FNDA:9,(anonymous_1)
FNDA:19,(anonymous_2)
DA:1,4
DA:5,4
DA:15,4
DA:54,9
DA:58,19
DA:60,19
DA:61,5
DA:65,14
DA:68,14
DA:69,13
LF:10
LH:10
BRDA:60,0,0,5
BRDA:60,0,1,14
BRDA:60,1,0,19
BRDA:60,1,1,11
BRDA:66,2,0,9
BRDA:66,2,1,5
BRDA:68,3,0,13
BRDA:68,3,1,1
BRDA:73,4,0,8
BRDA:73,4,1,5
BRF:10
BRH:10
end_of_record
TN:
SF:/Users/petrpotapov/new_projects/test-typescript-eslint/packages/eslint-plugin/src/rules/no-type-alias.ts
FN:88,(anonymous_1)
FN:125,isSupportedComposition
FN:148,reportError
FN:177,(anonymous_4)
FN:193,(anonymous_5)
FN:214,validateTypeAliases
FN:247,getTypes
FN:255,(anonymous_8)
FN:267,(anonymous_9)
FN:274,(anonymous_10)
FNF:10
FNH:10
FNDA:208,(anonymous_1)
FNDA:304,isSupportedComposition
FNDA:217,reportError
FNDA:358,(anonymous_4)
FNDA:435,(anonymous_5)
FNDA:439,validateTypeAliases
FNDA:628,getTypes
FNDA:419,(anonymous_8)
FNDA:208,(anonymous_9)
FNDA:393,(anonymous_10)
DA:1,4
DA:5,4
DA:13,4
DA:40,4
DA:100,208
DA:101,208
DA:106,208
DA:111,208
DA:130,304
DA:154,217
DA:155,36
DA:164,181
DA:177,208
DA:178,358
DA:179,30
DA:181,328
DA:182,20
DA:187,20
DA:190,308
DA:193,208
DA:199,435
DA:203,215
DA:218,439
DA:220,4
DA:221,2
DA:223,435
DA:225,47
DA:226,388
DA:228,30
DA:229,358
DA:231,50
DA:232,308
DA:237,308
DA:240,0
DA:251,628
DA:255,188
DA:256,419
DA:257,419
DA:260,440
DA:261,1
DA:263,439
DA:266,208
DA:268,208
DA:269,208
DA:271,46
DA:274,162
DA:275,393
LF:47
LH:46
BRDA:131,0,0,304
BRDA:131,0,1,231
BRDA:131,0,2,210
BRDA:131,0,3,107
BRDA:131,0,4,136
BRDA:131,0,5,103
BRDA:154,1,0,36
BRDA:154,1,1,181
BRDA:170,2,0,100
BRDA:170,2,1,81
BRDA:178,3,0,30
BRDA:178,3,1,328
BRDA:181,4,0,20
BRDA:181,4,1,308
BRDA:182,5,0,20
BRDA:182,5,1,0
BRDA:183,6,0,20
BRDA:183,6,1,20
BRDA:183,6,2,20
BRDA:199,7,0,215
BRDA:199,7,1,220
BRDA:200,8,0,435
BRDA:200,8,1,304
BRDA:216,9,0,393
BRDA:218,10,0,4
BRDA:218,10,1,435
BRDA:220,11,0,2
BRDA:220,11,1,2
BRDA:223,12,0,47
BRDA:223,12,1,388
BRDA:226,13,0,30
BRDA:226,13,1,358
BRDA:229,14,0,50
BRDA:229,14,1,308
BRDA:232,15,0,308
BRDA:232,15,1,0
BRDA:233,16,0,308
BRDA:233,16,1,238
BRDA:249,17,0,208
BRDA:251,18,0,188
BRDA:251,18,1,440
BRDA:252,19,0,628
BRDA:252,19,1,524
BRDA:260,20,0,1
BRDA:260,20,1,439
BRDA:269,21,0,46
BRDA:269,21,1,162
BRF:47
BRH:45
end_of_record
TN:
SF:/Users/petrpotapov/new_projects/test-typescript-eslint/packages/eslint-plugin/src/rules/no-unnecessary-condition.ts
FN:21,(anonymous_1)
FN:24,(anonymous_2)
FN:28,(anonymous_3)
FN:29,(anonymous_4)
FN:31,(anonymous_5)
FN:32,(anonymous_6)
FN:35,(anonymous_7)
FN:97,(anonymous_8)
FN:101,getNodeType
FN:110,checkNode
FN:143,checkIfBinaryExpressionIsNecessaryConditional
FN:159,checkIfTestExpressionIsNecessaryConditional
FN:173,checkLogicalExpressionForUnnecessaryConditionals
FNF:13
FNH:13
FNDA:117,(anonymous_1)
FNDA:65,(anonymous_2)
FNDA:117,(anonymous_3)
FNDA:51,(anonymous_4)
FNDA:70,(anonymous_5)
FNDA:117,(anonymous_6)
FNDA:7,(anonymous_7)
FNDA:30,(anonymous_8)
FNDA:80,getNodeType
FNDA:73,checkNode
FNDA:4,checkIfBinaryExpressionIsNecessaryConditional
FNDA:19,checkIfTestExpressionIsNecessaryConditional
FNDA:37,checkLogicalExpressionForUnnecessaryConditionals
DA:1,4
DA:5,4
DA:6,4
DA:13,4
DA:21,4
DA:22,117
DA:24,4
DA:25,65
DA:28,117
DA:29,51
DA:31,4
DA:32,117
DA:35,4
DA:36,7
DA:62,4
DA:98,30
DA:99,30
DA:102,80
DA:103,80
DA:111,73
DA:114,73
DA:115,2
DA:117,71
DA:118,1
DA:119,70
DA:120,5
DA:121,65
DA:122,17
DA:133,30
DA:146,4
DA:151,3
DA:162,19
DA:166,6
DA:176,37
DA:177,37
DA:178,30
DA:182,30
LF:37
LH:37
BRDA:22,0,0,117
BRDA:22,0,1,60
BRDA:22,0,2,6
BRDA:36,1,0,7
BRDA:36,1,1,7
BRDA:36,1,2,7
BRDA:36,1,3,7
BRDA:36,1,4,7
BRDA:36,1,5,7
BRDA:114,2,0,2
BRDA:114,2,1,71
BRDA:117,3,0,1
BRDA:117,3,1,70
BRDA:119,4,0,5
BRDA:119,4,1,65
BRDA:121,5,0,17
BRDA:121,5,1,48
BRDA:146,6,0,3
BRDA:146,6,1,1
BRDA:147,7,0,4
BRDA:147,7,1,4
BRDA:147,7,2,3
BRDA:162,8,0,6
BRDA:162,8,1,13
BRDA:163,9,0,19
BRDA:163,9,1,19
BRDA:177,10,0,30
BRDA:177,10,1,7
BRF:28
BRH:28
end_of_record
TN:
SF:/Users/petrpotapov/new_projects/test-typescript-eslint/packages/eslint-plugin/src/rules/no-unnecessary-qualifier.ts
FN:24,(anonymous_2)
FN:33,tryGetAliasedSymbol
FN:42,symbolIsNamespaceInScope
FN:46,(anonymous_5)
FN:47,(anonymous_6)
FN:58,getSymbolInScope
FN:66,(anonymous_8)
FN:69,symbolsAreEqual
FN:73,qualifierIsUnnecessary
FN:108,visitNamespaceAccess
FN:125,(anonymous_12)
FN:132,enterDeclaration
FN:136,exitDeclaration
FN:140,resetCurrentNamespaceExpression
FN:146,isPropertyAccessExpression
FN:152,isEntityNameExpression
FN:169,(anonymous_18)
FN:172,(anonymous_19)
FNF:18
FNH:18
FNDA:21,(anonymous_2)
FNDA:3,tryGetAliasedSymbol
FNDA:13,symbolIsNamespaceInScope
FNDA:14,(anonymous_5)
FNDA:17,(anonymous_6)
FNDA:9,getSymbolInScope
FNDA:9,(anonymous_8)
FNDA:9,symbolsAreEqual
FNDA:13,qualifierIsUnnecessary
FNDA:16,visitNamespaceAccess
FNDA:8,(anonymous_12)
FNDA:39,enterDeclaration
FNDA:39,exitDeclaration
FNDA:16,resetCurrentNamespaceExpression
FNDA:2,isPropertyAccessExpression
FNDA:10,isEntityNameExpression
FNDA:8,(anonymous_18)
FNDA:8,(anonymous_19)
DA:2,4
DA:3,4
DA:4,4
DA:6,4
DA:25,21
DA:26,21
DA:27,21
DA:28,21
DA:29,21
DA:30,21
DA:31,21
DA:37,3
DA:43,13
DA:45,13
DA:47,17
DA:50,10
DA:53,3
DA:55,3
DA:64,9
DA:66,9
DA:70,9
DA:77,13
DA:78,13
DA:80,13
DA:82,13
DA:86,3
DA:89,10
DA:91,10
DA:92,1
DA:96,9
DA:102,9
DA:114,16
DA:118,8
DA:119,8
DA:126,8
DA:133,39
DA:137,39
DA:141,16
DA:142,8
DA:149,2
DA:153,10
DA:160,21
DA:170,8
DA:175,8
DA:176,8
DA:177,8
LF:46
LH:46
BRDA:38,0,0,1
BRDA:38,0,1,2
BRDA:43,1,0,13
BRDA:43,1,1,0
BRDA:45,2,0,10
BRDA:45,2,1,3
BRDA:55,3,0,3
BRDA:55,3,1,1
BRDA:82,4,0,3
BRDA:82,4,1,10
BRDA:83,5,0,13
BRDA:83,5,1,12
BRDA:91,6,0,1
BRDA:91,6,1,9
BRDA:103,7,0,9
BRDA:103,7,1,9
BRDA:114,8,0,8
BRDA:114,8,1,8
BRDA:115,9,0,16
BRDA:115,9,1,13
BRDA:141,10,0,8
BRDA:141,10,1,8
BRDA:149,11,0,2
BRDA:149,11,1,2
BRDA:154,12,0,10
BRDA:154,12,1,2
BRDA:154,12,2,2
BRDA:176,13,0,8
BRDA:176,13,1,0
BRF:29
BRH:27
end_of_record
TN:
SF:/Users/petrpotapov/new_projects/test-typescript-eslint/packages/eslint-plugin/src/rules/no-unnecessary-type-arguments.ts
FN:43,(anonymous_2)
FN:47,checkTSArgsAndParameters
FN:65,(anonymous_4)
FN:77,(anonymous_5)
FN:95,getArgsAndParameters
FN:105,getTypeParametersFromNode
FN:120,getTypeParametersFromType
FN:134,(anonymous_9)
FN:143,getTypeParametersFromCall
FN:158,getAliasedSymbol
FNF:10
FNH:10
FNDA:32,(anonymous_2)
FNDA:12,checkTSArgsAndParameters
FNDA:6,(anonymous_4)
FNDA:21,(anonymous_5)
FNDA:21,getArgsAndParameters
FNDA:21,getTypeParametersFromNode
FNDA:12,getTypeParametersFromType
FNDA:11,(anonymous_9)
FNDA:13,getTypeParametersFromCall
FNDA:11,getAliasedSymbol
DA:2,4
DA:3,4
DA:4,4
DA:5,4
DA:24,4
DA:44,32
DA:45,32
DA:52,12
DA:53,12
DA:54,12
DA:57,12
DA:61,6
DA:64,6
DA:66,6
DA:76,32
DA:78,21
DA:82,21
DA:86,21
DA:87,21
DA:88,12
DA:99,21
DA:100,21
DA:109,21
DA:110,6
DA:113,15
DA:114,2
DA:117,13
DA:124,12
DA:125,12
DA:126,1
DA:129,11
DA:130,11
DA:131,0
DA:134,11
DA:135,11
DA:147,13
DA:148,13
DA:149,13
DA:150,8
DA:155,5
DA:162,11
LF:41
LH:40
BRDA:57,0,0,6
BRDA:57,0,1,6
BRDA:58,1,0,12
BRDA:58,1,1,12
BRDA:68,2,0,5
BRDA:68,2,1,1
BRDA:83,3,0,4
BRDA:83,3,1,17
BRDA:87,4,0,12
BRDA:87,4,1,9
BRDA:101,5,0,9
BRDA:101,5,1,12
BRDA:109,6,0,6
BRDA:109,6,1,15
BRDA:113,7,0,2
BRDA:113,7,1,13
BRDA:125,8,0,1
BRDA:125,8,1,11
BRDA:130,9,0,0
BRDA:130,9,1,11
BRDA:130,10,0,11
BRDA:130,10,1,11
BRDA:138,11,0,7
BRDA:138,11,1,4
BRDA:135,12,0,11
BRDA:135,12,1,6
BRDA:135,12,2,6
BRDA:148,13,0,0
BRDA:148,13,1,13
BRDA:149,14,0,8
BRDA:149,14,1,5
BRDA:151,15,0,4
BRDA:151,15,1,4
BRDA:163,16,0,0
BRDA:163,16,1,11
BRF:35
BRH:32
end_of_record
TN:
SF:/Users/petrpotapov/new_projects/test-typescript-eslint/packages/eslint-plugin/src/rules/no-unnecessary-type-assertion.ts
FN:56,(anonymous_2)
FN:66,couldBeTupleType
FN:98,getContextualType
FN:136,isPossiblyUsedBeforeAssigned
FN:170,(anonymous_6)
FN:187,(anonymous_7)
FN:226,(anonymous_8)
FN:237,(anonymous_9)
FN:272,(anonymous_10)
FNF:9
FNH:9
FNDA:48,(anonymous_2)
FNDA:4,couldBeTupleType
FNDA:10,getContextualType
FNDA:8,isPossiblyUsedBeforeAssigned
FNDA:18,(anonymous_6)
FNDA:6,(anonymous_7)
FNDA:3,(anonymous_8)
FNDA:17,(anonymous_9)
FNDA:4,(anonymous_10)
DA:2,4
DA:13,4
DA:14,4
DA:23,4
DA:57,48
DA:58,48
DA:59,48
DA:60,48
DA:67,4
DA:69,4
DA:70,1
DA:72,3
DA:74,3
DA:75,7
DA:77,7
DA:78,3
DA:80,1
DA:82,2
DA:85,2
DA:86,35
DA:87,1
DA:90,1
DA:102,10
DA:103,10
DA:104,0
DA:107,10
DA:108,4
DA:110,0
DA:112,6
DA:117,4
DA:120,2
DA:126,2
DA:130,4
DA:137,8
DA:138,8
DA:140,0
DA:143,8
DA:155,3
DA:156,3
DA:157,3
DA:163,2
DA:166,6
DA:169,48
DA:171,18
DA:174,18
DA:179,18
DA:180,8
DA:181,2
DA:184,6
DA:188,6
DA:198,10
DA:199,10
DA:202,8
DA:206,8
DA:211,8
DA:215,8
DA:219,8
DA:223,3
DA:227,3
DA:240,17
DA:247,5
DA:250,12
DA:253,12
DA:255,12
DA:263,3
DA:266,9
DA:268,9
DA:269,4
DA:273,4
LF:69
LH:66
BRDA:69,0,0,1
BRDA:69,0,1,3
BRDA:77,1,0,3
BRDA:77,1,1,4
BRDA:78,2,0,1
BRDA:78,2,1,2
BRDA:86,3,0,1
BRDA:86,3,1,34
BRDA:103,4,0,0
BRDA:103,4,1,10
BRDA:107,5,0,4
BRDA:107,5,1,6
BRDA:107,6,0,10
BRDA:107,6,1,6
BRDA:108,7,0,0
BRDA:108,7,1,4
BRDA:112,8,0,4
BRDA:112,8,1,2
BRDA:113,9,0,6
BRDA:113,9,1,4
BRDA:113,9,2,2
BRDA:118,10,0,4
BRDA:118,10,1,0
BRDA:120,11,0,2
BRDA:120,11,1,0
BRDA:138,12,0,0
BRDA:138,12,1,8
BRDA:143,13,0,3
BRDA:143,13,1,5
BRDA:145,14,0,8
BRDA:145,14,1,8
BRDA:145,14,2,7
BRDA:145,14,3,4
BRDA:145,14,4,3
BRDA:157,15,0,2
BRDA:157,15,1,1
BRDA:179,16,0,8
BRDA:179,16,1,10
BRDA:180,17,0,2
BRDA:180,17,1,6
BRDA:199,18,0,8
BRDA:199,18,1,2
BRDA:219,19,0,3
BRDA:219,19,1,5
BRDA:220,20,0,8
BRDA:220,20,1,0
BRDA:220,20,2,8
BRDA:220,20,3,8
BRDA:240,21,0,5
BRDA:240,21,1,12
BRDA:241,22,0,17
BRDA:241,22,1,17
BRDA:241,22,2,5
BRDA:255,23,0,3
BRDA:255,23,1,9
BRDA:256,24,0,12
BRDA:256,24,1,10
BRDA:256,24,2,4
BRDA:256,24,3,4
BRDA:268,25,0,4
BRDA:268,25,1,5
BRDA:274,26,0,2
BRDA:274,26,1,2
BRF:63
BRH:57
end_of_record
TN:
SF:/Users/petrpotapov/new_projects/test-typescript-eslint/packages/eslint-plugin/src/rules/no-unused-expressions.ts
FN:21,(anonymous_2)
FN:31,looksLikeDirective
FN:44,takeWhile
FN:57,directives
FN:68,isDirective
FN:88,isValidExpression
FN:119,(anonymous_8)
FNF:7
FNH:7
FNDA:6,(anonymous_2)
FNDA:3,looksLikeDirective
FNDA:3,takeWhile
FNDA:3,directives
FNDA:4,isDirective
FNDA:7,isValidExpression
FNDA:7,(anonymous_8)
DA:2,4
DA:3,4
DA:5,4
DA:22,6
DA:23,6
DA:24,6
DA:25,6
DA:32,3
DA:45,3
DA:46,3
DA:47,3
DA:50,0
DA:60,3
DA:72,4
DA:73,4
DA:75,4
DA:89,7
DA:91,0
DA:92,0
DA:99,7
DA:100,0
DA:101,0
DA:105,7
DA:106,0
DA:109,7
DA:118,6
DA:120,7
DA:124,4
LF:28
LH:22
BRDA:22,0,0,6
BRDA:22,0,1,6
BRDA:23,1,0,6
BRDA:23,1,1,6
BRDA:24,2,0,6
BRDA:24,2,1,6
BRDA:25,3,0,6
BRDA:25,3,1,6
BRDA:33,4,0,3
BRDA:33,4,1,3
BRDA:33,4,2,0
BRDA:46,5,0,3
BRDA:46,5,1,0
BRDA:76,6,0,4
BRDA:76,6,1,1
BRDA:76,6,2,0
BRDA:76,6,3,3
BRDA:89,7,0,0
BRDA:89,7,1,7
BRDA:91,8,0,0
BRDA:91,8,1,0
BRDA:93,9,0,0
BRDA:93,9,1,0
BRDA:99,10,0,0
BRDA:99,10,1,7
BRDA:100,11,0,0
BRDA:100,11,1,0
BRDA:105,12,0,0
BRDA:105,12,1,7
BRDA:105,13,0,7
BRDA:105,13,1,0
BRDA:110,14,0,7
BRDA:110,14,1,4
BRDA:110,14,2,0
BRDA:120,15,0,4
BRDA:120,15,1,3
BRDA:121,16,0,7
BRDA:121,16,1,4
BRF:38
BRH:24
end_of_record
TN:
SF:/Users/petrpotapov/new_projects/test-typescript-eslint/packages/eslint-plugin/src/rules/no-unused-vars.ts
FN:21,(anonymous_2)
FN:28,markHeritageAsUsed
FN:43,(anonymous_4)
FN:46,(anonymous_5)
FN:51,(anonymous_6)
FN:56,(anonymous_7)
FN:60,(anonymous_8)
FN:63,(anonymous_9)
FNF:8
FNH:8
FNDA:102,(anonymous_2)
FNDA:21,markHeritageAsUsed
FNDA:122,(anonymous_4)
FNDA:6,(anonymous_5)
FNDA:7,(anonymous_6)
FNDA:16,(anonymous_7)
FNDA:8,(anonymous_8)
FNDA:16,(anonymous_9)
DA:1,4
DA:5,4
DA:6,4
DA:8,4
DA:22,102
DA:29,21
DA:31,13
DA:32,13
DA:34,6
DA:35,6
DA:37,2
DA:38,2
DA:42,102
DA:44,122
DA:47,6
DA:48,6
DA:52,7
DA:53,7
DA:58,16
DA:61,8
DA:64,16
DA:65,16
DA:66,16
DA:67,16
DA:68,11
DA:69,11
DA:70,3
LF:27
LH:27
BRDA:30,0,0,13
BRDA:30,0,1,6
BRDA:30,0,2,2
BRDA:47,1,0,6
BRDA:47,1,1,0
BRDA:52,2,0,7
BRDA:52,2,1,0
BRDA:67,3,0,11
BRDA:67,3,1,5
BRDA:69,4,0,3
BRDA:69,4,1,8
BRF:11
BRH:9
end_of_record
TN:
SF:/Users/petrpotapov/new_projects/test-typescript-eslint/packages/eslint-plugin/src/rules/no-use-before-define.ts
FN:13,parseOptions
FN:34,isTopLevelScope
FN:41,isFunction
FN:48,isOuterClass
FN:69,isOuterVariable
FN:90,isInRange
FN:107,isInInitializer
FN:196,(anonymous_8)
FN:204,isForbidden
FN:223,findVariablesInScope
FN:224,(anonymous_11)
FN:258,(anonymous_12)
FNF:12
FNH:12
FNDA:72,parseOptions
FNDA:30,isTopLevelScope
FNDA:47,isFunction
FNDA:39,isOuterClass
FNDA:34,isOuterVariable
FNDA:26,isInRange
FNDA:29,isInInitializer
FNDA:72,(anonymous_8)
FNDA:47,isForbidden
FNDA:144,findVariablesInScope
FNDA:154,(anonymous_11)
FNDA:72,(anonymous_12)
DA:1,4
DA:6,4
DA:8,4
DA:14,72
DA:15,72
DA:16,72
DA:17,72
DA:19,72
DA:20,3
DA:21,69
DA:22,69
DA:23,69
DA:24,69
DA:25,69
DA:28,72
DA:35,30
DA:42,47
DA:52,39
DA:53,34
DA:56,5
DA:58,3
DA:59,0
DA:63,5
DA:73,34
DA:74,1
DA:77,33
DA:79,27
DA:80,3
DA:84,30
DA:94,26
DA:111,29
DA:112,3
DA:115,26
DA:116,26
DA:118,26
DA:119,36
DA:120,17
DA:121,5
DA:123,12
DA:130,2
DA:132,10
DA:133,19
DA:134,7
DA:135,3
DA:137,12
DA:138,6
DA:141,10
DA:144,16
DA:156,4
DA:197,72
DA:208,47
DA:209,8
DA:211,39
DA:212,5
DA:214,34
DA:215,30
DA:217,4
DA:224,144
DA:225,154
DA:233,154
DA:241,116
DA:245,38
DA:254,144
DA:257,72
DA:259,72
LF:65
LH:64
BRDA:19,0,0,3
BRDA:19,0,1,69
BRDA:21,1,0,69
BRDA:21,1,1,0
BRDA:21,2,0,69
BRDA:21,2,1,69
BRDA:35,3,0,30
BRDA:35,3,1,28
BRDA:52,4,0,34
BRDA:52,4,1,5
BRDA:56,5,0,3
BRDA:56,5,1,2
BRDA:58,6,0,0
BRDA:58,6,1,3
BRDA:73,7,0,1
BRDA:73,7,1,33
BRDA:77,8,0,27
BRDA:77,8,1,6
BRDA:79,9,0,3
BRDA:79,9,1,24
BRDA:94,10,0,26
BRDA:94,10,1,20
BRDA:94,10,2,18
BRDA:111,11,0,3
BRDA:111,11,1,26
BRDA:119,12,0,17
BRDA:119,12,1,19
BRDA:120,13,0,5
BRDA:120,13,1,12
BRDA:123,14,0,2
BRDA:123,14,1,10
BRDA:124,15,0,12
BRDA:124,15,1,12
BRDA:124,15,2,12
BRDA:124,15,3,11
BRDA:124,15,4,2
BRDA:133,16,0,7
BRDA:133,16,1,12
BRDA:134,17,0,3
BRDA:134,17,1,4
BRDA:137,18,0,6
BRDA:137,18,1,6
BRDA:208,19,0,8
BRDA:208,19,1,39
BRDA:211,20,0,5
BRDA:211,20,1,34
BRDA:214,21,0,30
BRDA:214,21,1,4
BRDA:233,22,0,116
BRDA:233,22,1,38
BRDA:234,23,0,154
BRDA:234,23,1,93
BRDA:234,23,2,72
BRDA:234,23,3,66
BRDA:234,23,4,29
BRDA:234,23,5,47
BRF:56
BRH:54
end_of_record
TN:
SF:/Users/petrpotapov/new_projects/test-typescript-eslint/packages/eslint-plugin/src/rules/no-useless-constructor.ts
FN:14,checkAccessibility
FN:37,checkParams
FN:41,(anonymous_4)
FN:59,(anonymous_5)
FN:62,(anonymous_6)
FNF:5
FNH:5
FNDA:35,checkAccessibility
FNDA:28,checkParams
FNDA:26,(anonymous_4)
FNDA:41,(anonymous_5)
FNDA:39,(anonymous_6)
DA:1,4
DA:5,4
DA:6,4
DA:15,35
DA:18,4
DA:20,4
DA:27,3
DA:29,1
DA:31,28
DA:38,28
DA:41,26
DA:46,4
DA:60,41
DA:61,41
DA:63,39
DA:70,25
LF:16
LH:16
BRDA:16,0,0,2
BRDA:16,0,1,4
BRDA:16,0,2,4
BRDA:20,1,0,3
BRDA:20,1,1,1
BRDA:21,2,0,4
BRDA:21,2,1,4
BRDA:21,2,2,4
BRDA:21,2,3,4
BRDA:21,2,4,4
BRDA:39,3,0,28
BRDA:39,3,1,28
BRDA:63,4,0,25
BRDA:63,4,1,14
BRDA:64,5,0,39
BRDA:64,5,1,39
BRDA:64,5,2,35
BRDA:64,5,3,35
BRDA:64,5,4,28
BRF:19
BRH:19
end_of_record
TN:
SF:/Users/petrpotapov/new_projects/test-typescript-eslint/packages/eslint-plugin/src/rules/no-var-requires.ts
FN:23,(anonymous_1)
FN:25,(anonymous_2)
FNF:2
FNH:2
FNDA:6,(anonymous_1)
FNDA:6,(anonymous_2)
DA:1,4
DA:2,4
DA:7,4
DA:24,6
DA:26,6
DA:33,4
LF:6
LH:6
BRDA:26,0,0,4
BRDA:26,0,1,2
BRDA:27,1,0,6
BRDA:27,1,1,6
BRDA:27,1,2,5
BRDA:27,1,3,5
BRDA:27,1,4,2
BRF:7
BRH:7
end_of_record
TN:
SF:/Users/petrpotapov/new_projects/test-typescript-eslint/packages/eslint-plugin/src/rules/prefer-for-of.ts
FN:25,(anonymous_1)
FN:26,isSingleVariableDeclaration
FN:37,isLiteral
FN:41,isZeroInitialized
FN:45,isMatchingIdentifier
FN:52,isLessThanLengthExpression
FN:69,isIncrement
FN:101,contains
FN:107,isAssignee
FN:162,isIndexOnlyUsedWithArray
FN:169,(anonymous_11)
FN:184,(anonymous_12)
FNF:12
FNH:12
FNDA:47,(anonymous_1)
FNDA:46,isSingleVariableDeclaration
FNDA:46,isLiteral
FNDA:40,isZeroInitialized
FNDA:98,isMatchingIdentifier
FNDA:39,isLessThanLengthExpression
FNDA:31,isIncrement
FNDA:101,contains
FNDA:16,isAssignee
FNDA:26,isIndexOnlyUsedWithArray
FNDA:101,(anonymous_11)
FNDA:46,(anonymous_12)
DA:1,4
DA:6,4
DA:8,4
DA:29,46
DA:38,46
DA:42,40
DA:49,98
DA:56,39
DA:64,31
DA:66,8
DA:70,31
DA:71,1
DA:73,30
DA:76,25
DA:80,5
DA:81,5
DA:83,2
DA:84,3
DA:86,3
DA:87,3
DA:98,0
DA:102,101
DA:108,16
DA:109,16
DA:110,0
DA:114,16
DA:118,2
DA:122,14
DA:127,1
DA:131,13
DA:135,0
DA:139,13
DA:140,1
DA:144,12
DA:145,1
DA:149,11
DA:156,1
DA:159,10
DA:167,26
DA:168,26
DA:169,26
DA:170,101
DA:171,101
DA:172,101
DA:183,47
DA:185,46
DA:186,6
DA:189,40
DA:192,40
DA:197,1
DA:200,39
DA:201,39
DA:205,39
DA:206,8
DA:209,31
DA:210,31
DA:214,15
LF:57
LH:54
BRDA:30,0,0,46
BRDA:30,0,1,42
BRDA:30,0,2,42
BRDA:30,0,3,42
BRDA:38,1,0,46
BRDA:38,1,1,45
BRDA:42,2,0,40
BRDA:42,2,1,40
BRDA:49,3,0,98
BRDA:49,3,1,97
BRDA:56,4,0,31
BRDA:56,4,1,8
BRDA:57,5,0,39
BRDA:57,5,1,38
BRDA:57,5,2,37
BRDA:57,5,3,34
BRDA:57,5,4,32
BRDA:57,5,5,31
BRDA:70,6,0,1
BRDA:70,6,1,30
BRDA:74,7,0,25
BRDA:74,7,1,5
BRDA:77,8,0,25
BRDA:77,8,1,24
BRDA:80,9,0,5
BRDA:80,9,1,0
BRDA:81,10,0,2
BRDA:81,10,1,3
BRDA:84,11,0,3
BRDA:84,11,1,0
BRDA:88,12,0,3
BRDA:88,12,1,3
BRDA:88,12,2,3
BRDA:88,12,3,2
BRDA:88,12,4,2
BRDA:88,12,5,1
BRDA:103,13,0,101
BRDA:103,13,1,21
BRDA:109,14,0,0
BRDA:109,14,1,16
BRDA:114,15,0,2
BRDA:114,15,1,14
BRDA:115,16,0,16
BRDA:115,16,1,2
BRDA:122,17,0,1
BRDA:122,17,1,13
BRDA:123,18,0,14
BRDA:123,18,1,1
BRDA:123,18,2,1
BRDA:131,19,0,0
BRDA:131,19,1,13
BRDA:132,20,0,13
BRDA:132,20,1,0
BRDA:139,21,0,1
BRDA:139,21,1,12
BRDA:144,22,0,1
BRDA:144,22,1,11
BRDA:149,23,0,1
BRDA:149,23,1,10
BRDA:150,24,0,11
BRDA:150,24,1,1
BRDA:150,24,2,1
BRDA:150,24,3,1
BRDA:150,24,4,1
BRDA:173,25,0,101
BRDA:173,25,1,21
BRDA:173,25,2,21
BRDA:173,25,3,16
BRDA:173,25,4,16
BRDA:173,25,5,15
BRDA:185,26,0,6
BRDA:185,26,1,40
BRDA:192,27,0,1
BRDA:192,27,1,39
BRDA:193,28,0,40
BRDA:193,28,1,40
BRDA:193,28,2,39
BRDA:205,29,0,8
BRDA:205,29,1,31
BRDA:210,30,0,15
BRDA:210,30,1,16
BRDA:211,31,0,31
BRDA:211,31,1,26
BRF:83
BRH:78
end_of_record
TN:
SF:/Users/petrpotapov/new_projects/test-typescript-eslint/packages/eslint-plugin/src/rules/prefer-function-type.ts
FN:26,(anonymous_1)
FN:33,hasOneSupertype
FN:50,shouldWrapSuggestion
FN:70,renderSuggestion
FN:105,checkMember
FN:121,(anonymous_6)
FN:136,(anonymous_7)
FN:147,(anonymous_8)
FN:152,(anonymous_9)
FNF:9
FNH:9
FNDA:17,(anonymous_1)
FNDA:8,hasOneSupertype
FNDA:6,shouldWrapSuggestion
FNDA:6,renderSuggestion
FNDA:8,checkMember
FNDA:35,(anonymous_6)
FNDA:6,(anonymous_7)
FNDA:8,(anonymous_8)
FNDA:3,(anonymous_9)
DA:1,4
DA:6,4
DA:8,4
DA:27,17
DA:34,8
DA:35,5
DA:37,3
DA:38,1
DA:40,2
DA:42,2
DA:51,6
DA:52,0
DA:55,6
DA:59,1
DA:61,5
DA:76,6
DA:77,6
DA:78,6
DA:80,6
DA:84,6
DA:85,1
DA:87,6
DA:88,3
DA:89,1
DA:96,2
DA:98,3
DA:109,8
DA:114,6
DA:116,6
DA:122,35
DA:126,6
DA:137,6
DA:146,17
DA:148,8
DA:149,5
DA:153,3
LF:36
LH:35
BRDA:34,0,0,5
BRDA:34,0,1,3
BRDA:34,1,0,8
BRDA:34,1,1,3
BRDA:37,2,0,1
BRDA:37,2,1,2
BRDA:43,3,0,2
BRDA:43,3,1,2
BRDA:51,4,0,0
BRDA:51,4,1,6
BRDA:56,5,0,1
BRDA:56,5,1,1
BRDA:56,5,2,1
BRDA:56,5,3,5
BRDA:84,6,0,1
BRDA:84,6,1,5
BRDA:87,7,0,3
BRDA:87,7,1,3
BRDA:88,8,0,1
BRDA:88,8,1,2
BRDA:98,9,0,1
BRDA:98,9,1,2
BRDA:109,10,0,6
BRDA:109,10,1,2
BRDA:110,11,0,8
BRDA:110,11,1,2
BRDA:110,11,2,6
BRDA:117,12,0,3
BRDA:117,12,1,3
BRDA:122,13,0,35
BRDA:122,13,1,5
BRDA:132,14,0,3
BRDA:132,14,1,3
BRDA:148,15,0,5
BRDA:148,15,1,3
BRDA:148,16,0,8
BRDA:148,16,1,6
BRF:37
BRH:36
end_of_record
TN:
SF:/Users/petrpotapov/new_projects/test-typescript-eslint/packages/eslint-plugin/src/rules/prefer-includes.ts
FN:28,(anonymous_1)
FN:33,isNumber
FN:38,isPositiveCheck
FN:50,isNegativeCheck
FN:63,hasSameParameters
FN:94,parseRegExp
FN:111,(anonymous_7)
FN:117,(anonymous_8)
FN:122,(anonymous_9)
FN:151,(anonymous_10)
FN:163,(anonymous_11)
FN:174,(anonymous_12)
FN:187,(anonymous_13)
FNF:13
FNH:13
FNDA:62,(anonymous_1)
FNDA:27,isNumber
FNDA:24,isPositiveCheck
FNDA:28,isNegativeCheck
FNDA:35,hasSameParameters
FNDA:7,parseRegExp
FNDA:12,(anonymous_7)
FNDA:9,(anonymous_8)
FNDA:28,(anonymous_9)
FNDA:35,(anonymous_10)
FNDA:22,(anonymous_11)
FNDA:8,(anonymous_12)
FNDA:3,(anonymous_13)
DA:2,4
DA:3,4
DA:4,4
DA:5,4
DA:7,4
DA:29,62
DA:30,62
DA:31,62
DA:34,27
DA:35,27
DA:39,24
DA:43,22
DA:45,1
DA:47,1
DA:51,28
DA:55,3
DA:57,1
DA:59,24
DA:67,35
DA:68,1
DA:71,34
DA:72,34
DA:73,34
DA:74,1
DA:77,33
DA:78,65
DA:79,65
DA:82,65
DA:83,1
DA:87,32
DA:95,7
DA:96,7
DA:97,1
DA:100,6
DA:101,6
DA:106,2
DA:110,4
DA:111,12
DA:112,1
DA:116,3
DA:117,9
DA:121,62
DA:126,28
DA:127,28
DA:128,28
DA:129,28
DA:130,1
DA:134,27
DA:135,27
DA:136,27
DA:140,1
DA:145,26
DA:146,36
DA:147,36
DA:148,36
DA:149,36
DA:152,35
DA:155,4
DA:160,22
DA:164,22
DA:165,4
DA:167,22
DA:168,22
DA:177,8
DA:179,8
DA:180,8
DA:181,5
DA:184,3
DA:188,3
DA:190,3
DA:196,3
DA:197,3
DA:198,1
DA:199,1
DA:201,3
LF:75
LH:75
BRDA:35,0,0,27
BRDA:35,0,1,27
BRDA:40,1,0,20
BRDA:40,1,1,21
BRDA:40,1,2,22
BRDA:40,1,3,1
BRDA:40,1,4,1
BRDA:52,2,0,1
BRDA:52,2,1,2
BRDA:52,2,2,3
BRDA:52,2,3,1
BRDA:52,2,4,24
BRDA:67,3,0,1
BRDA:67,3,1,34
BRDA:67,4,0,35
BRDA:67,4,1,34
BRDA:73,5,0,1
BRDA:73,5,1,33
BRDA:82,6,0,1
BRDA:82,6,1,64
BRDA:96,7,0,1
BRDA:96,7,1,6
BRDA:96,8,0,7
BRDA:96,8,1,6
BRDA:101,9,0,2
BRDA:101,9,1,4
BRDA:102,10,0,6
BRDA:102,10,1,5
BRDA:102,10,2,4
BRDA:111,11,0,1
BRDA:111,11,1,3
BRDA:129,12,0,1
BRDA:129,12,1,27
BRDA:129,13,0,28
BRDA:129,13,1,24
BRDA:136,14,0,1
BRDA:136,14,1,26
BRDA:137,15,0,27
BRDA:137,15,1,26
BRDA:149,16,0,4
BRDA:149,16,1,32
BRDA:150,17,0,36
BRDA:150,17,1,35
BRDA:164,18,0,4
BRDA:164,18,1,18
BRDA:179,19,0,7
BRDA:179,19,1,1
BRDA:180,20,0,5
BRDA:180,20,1,3
BRDA:190,21,0,3
BRDA:190,21,1,3
BRDA:190,21,2,3
BRDA:190,21,3,1
BRDA:190,21,4,1
BRDA:197,22,0,1
BRDA:197,22,1,2
BRF:56
BRH:56
end_of_record
TN:
SF:/Users/petrpotapov/new_projects/test-typescript-eslint/packages/eslint-plugin/src/rules/prefer-namespace-keyword.ts
FN:25,(anonymous_1)
FN:29,(anonymous_2)
FN:45,(anonymous_3)
FNF:3
FNH:3
FNDA:11,(anonymous_1)
FNDA:13,(anonymous_2)
FNDA:4,(anonymous_3)
DA:1,4
DA:5,4
DA:7,4
DA:26,11
DA:28,11
DA:31,13
DA:32,2
DA:35,11
DA:37,11
DA:42,4
DA:46,4
LF:11
LH:11
BRDA:31,0,0,2
BRDA:31,0,1,11
BRDA:31,1,0,13
BRDA:31,1,1,13
BRDA:37,2,0,4
BRDA:37,2,1,7
BRDA:38,3,0,11
BRDA:38,3,1,11
BRDA:38,3,2,11
BRF:9
BRH:9
end_of_record
TN:
SF:/Users/petrpotapov/new_projects/test-typescript-eslint/packages/eslint-plugin/src/rules/prefer-readonly.ts
FN:56,(anonymous_2)
FN:61,handlePropertyAccessExpression
FN:84,handleParentBinaryExpression
FN:97,handleParentPostfixOrPrefixUnaryExpression
FN:111,isDestructuringAssignment
FN:140,isConstructor
FN:147,isFunctionScopeBoundaryInStack
FN:162,getEsNodesFromViolatingNode
FN:183,(anonymous_10)
FN:194,(anonymous_11)
FN:206,(anonymous_12)
FN:212,(anonymous_13)
FN:224,(anonymous_14)
FN:235,(anonymous_15)
FN:269,(anonymous_16)
FN:284,(anonymous_17)
FN:307,(anonymous_18)
FN:332,(anonymous_19)
FN:342,(anonymous_20)
FN:346,(anonymous_21)
FN:352,(anonymous_22)
FN:358,(anonymous_23)
FN:359,(anonymous_24)
FN:363,(anonymous_25)
FNF:24
FNH:24
FNDA:65,(anonymous_2)
FNDA:40,handlePropertyAccessExpression
FNDA:25,handleParentBinaryExpression
FNDA:6,handleParentPostfixOrPrefixUnaryExpression
FNDA:14,isDestructuringAssignment
FNDA:216,isConstructor
FNDA:182,isFunctionScopeBoundaryInStack
FNDA:14,getEsNodesFromViolatingNode
FNDA:62,(anonymous_10)
FNDA:62,(anonymous_11)
FNDA:14,(anonymous_12)
FNDA:48,(anonymous_13)
FNDA:108,(anonymous_14)
FNDA:108,(anonymous_15)
FNDA:62,(anonymous_16)
FNDA:60,(anonymous_17)
FNDA:28,(anonymous_18)
FNDA:17,(anonymous_19)
FNDA:17,(anonymous_20)
FNDA:71,(anonymous_21)
FNDA:71,(anonymous_22)
FNDA:62,(anonymous_23)
FNDA:21,(anonymous_24)
FNDA:1,(anonymous_25)
DA:1,4
DA:2,4
DA:3,4
DA:4,4
DA:5,4
DA:18,4
DA:27,4
DA:57,65
DA:58,65
DA:59,65
DA:66,40
DA:67,25
DA:68,25
DA:71,15
DA:72,5
DA:73,5
DA:76,10
DA:80,6
DA:89,25
DA:93,21
DA:101,6
DA:105,2
DA:114,14
DA:116,14
DA:117,17
DA:119,17
DA:126,3
DA:127,14
DA:128,4
DA:133,10
DA:137,10
DA:141,216
DA:150,182
DA:151,6
DA:154,176
DA:155,176
DA:156,34
DA:159,142
DA:165,14
DA:168,2
DA:176,12
DA:182,65
DA:186,62
DA:195,62
DA:196,62
DA:198,62
DA:199,14
DA:202,14
DA:206,14
DA:213,48
DA:216,48
DA:217,40
DA:225,108
DA:226,17
DA:231,91
DA:232,71
DA:236,108
DA:237,17
DA:238,91
DA:239,71
DA:250,4
DA:251,4
DA:254,62
DA:258,62
DA:262,62
DA:263,62
DA:267,62
DA:270,62
DA:272,62
DA:274,62
DA:275,62
DA:277,62
DA:278,101
DA:279,54
DA:285,60
DA:290,23
DA:293,37
DA:298,1
DA:301,36
DA:308,28
DA:309,28
DA:313,3
DA:317,25
DA:319,25
DA:323,3
DA:326,22
DA:333,17
DA:335,17
DA:336,9
DA:337,6
DA:343,17
DA:347,71
DA:348,7
DA:353,71
DA:354,7
DA:359,62
DA:360,21
DA:363,62
DA:364,1
DA:367,62
LF:100
LH:100
BRDA:66,0,0,25
BRDA:66,0,1,15
BRDA:71,1,0,5
BRDA:71,1,1,10
BRDA:71,2,0,15
BRDA:71,2,1,14
BRDA:76,3,0,6
BRDA:76,3,1,4
BRDA:77,4,0,10
BRDA:77,4,1,10
BRDA:89,5,0,21
BRDA:89,5,1,4
BRDA:90,6,0,25
BRDA:90,6,1,25
BRDA:101,7,0,2
BRDA:101,7,1,4
BRDA:102,8,0,6
BRDA:102,8,1,5
BRDA:119,9,0,3
BRDA:119,9,1,14
BRDA:120,10,0,17
BRDA:120,10,1,15
BRDA:120,10,2,14
BRDA:120,10,3,14
BRDA:120,10,4,0
BRDA:127,11,0,4
BRDA:127,11,1,10
BRDA:129,12,0,4
BRDA:129,12,1,4
BRDA:142,13,0,216
BRDA:142,13,1,94
BRDA:150,14,0,6
BRDA:150,14,1,176
BRDA:155,15,0,34
BRDA:155,15,1,142
BRDA:165,16,0,2
BRDA:165,16,1,12
BRDA:216,17,0,40
BRDA:216,17,1,8
BRDA:216,18,0,48
BRDA:216,18,1,41
BRDA:225,19,0,17
BRDA:225,19,1,91
BRDA:231,20,0,71
BRDA:231,20,1,20
BRDA:236,21,0,17
BRDA:236,21,1,91
BRDA:238,22,0,71
BRDA:238,22,1,20
BRDA:278,23,0,54
BRDA:278,23,1,47
BRDA:285,24,0,23
BRDA:285,24,1,37
BRDA:286,25,0,60
BRDA:286,25,1,56
BRDA:286,25,2,37
BRDA:293,26,0,1
BRDA:293,26,1,36
BRDA:294,27,0,37
BRDA:294,27,1,2
BRDA:294,27,2,2
BRDA:302,28,0,3
BRDA:302,28,1,33
BRDA:309,29,0,3
BRDA:309,29,1,25
BRDA:310,30,0,28
BRDA:310,30,1,27
BRDA:317,31,0,25
BRDA:317,31,1,1
BRDA:319,32,0,3
BRDA:319,32,1,22
BRDA:320,33,0,25
BRDA:320,33,1,24
BRDA:327,34,0,1
BRDA:327,34,1,21
BRDA:336,35,0,6
BRDA:336,35,1,3
BRDA:347,36,0,7
BRDA:347,36,1,64
BRDA:353,37,0,7
BRDA:353,37,1,64
BRF:81
BRH:80
end_of_record
TN:
SF:/Users/petrpotapov/new_projects/test-typescript-eslint/packages/eslint-plugin/src/rules/prefer-regexp-exec.ts
FN:24,(anonymous_0)
FN:33,isStringType
FN:41,(anonymous_2)
FNF:3
FNH:3
FNDA:18,(anonymous_0)
FNDA:14,isStringType
FNDA:16,(anonymous_2)
DA:2,4
DA:3,4
DA:5,4
DA:25,18
DA:26,18
DA:27,18
DA:34,14
DA:37,14
DA:40,18
DA:44,16
DA:45,16
DA:46,16
DA:49,16
DA:54,2
DA:57,14
DA:58,12
DA:62,12
LF:17
LH:17
BRDA:49,0,0,2
BRDA:49,0,1,14
BRDA:50,1,0,16
BRDA:50,1,1,16
BRDA:50,1,2,8
BRDA:57,2,0,12
BRDA:57,2,1,2
BRF:7
BRH:7
end_of_record
TN:
SF:/Users/petrpotapov/new_projects/test-typescript-eslint/packages/eslint-plugin/src/rules/prefer-string-starts-ends-with.ts
FN:34,(anonymous_0)
FN:44,isStringType
FN:55,isNull
FN:65,isNumber
FN:78,isCharacter
FN:93,isEqualityComparison
FN:106,isSameTokens
FN:137,isLengthExpression
FN:167,isLastIndexExpression
FN:188,getPropertyRange
FN:203,parseRegExpText
FN:220,(anonymous_11)
FN:226,(anonymous_12)
FN:234,parseRegExp
FN:269,fixWithRightOperand
FN:299,fixWithArgument
FN:323,(anonymous_16)
FN:356,(anonymous_17)
FN:372,(anonymous_18)
FN:391,(anonymous_19)
FN:404,(anonymous_20)
FN:426,(anonymous_21)
FN:439,(anonymous_22)
FN:464,(anonymous_23)
FN:487,(anonymous_24)
FN:519,(anonymous_25)
FN:560,(anonymous_26)
FN:576,(anonymous_27)
FNF:28
FNH:28
FNDA:160,(anonymous_0)
FNDA:87,isStringType
FNDA:22,isNull
FNDA:44,isNumber
FNDA:18,isCharacter
FNDA:93,isEqualityComparison
FNDA:23,isSameTokens
FNDA:44,isLengthExpression
FNDA:23,isLastIndexExpression
FNDA:49,getPropertyRange
FNDA:19,parseRegExpText
FNDA:65,(anonymous_11)
FNDA:61,(anonymous_12)
FNDA:27,parseRegExp
FNDA:25,fixWithRightOperand
FNDA:13,fixWithArgument
FNDA:33,(anonymous_16)
FNDA:18,(anonymous_17)
FNDA:10,(anonymous_18)
FNDA:7,(anonymous_19)
FNDA:8,(anonymous_20)
FNDA:6,(anonymous_21)
FNDA:24,(anonymous_22)
FNDA:11,(anonymous_23)
FNDA:19,(anonymous_24)
FNDA:15,(anonymous_25)
FNDA:9,(anonymous_26)
FNDA:6,(anonymous_27)
DA:2,4
DA:7,4
DA:8,4
DA:10,4
DA:11,4
DA:13,4
DA:35,160
DA:36,160
DA:37,160
DA:38,160
DA:45,87
DA:48,87
DA:56,22
DA:57,22
DA:69,44
DA:70,44
DA:79,18
DA:80,18
DA:96,93
DA:107,23
DA:108,23
DA:110,23
DA:111,1
DA:114,22
DA:115,24
DA:116,24
DA:118,24
DA:119,3
DA:123,19
DA:141,44
DA:142,23
DA:148,21
DA:149,21
DA:150,21
DA:171,23
DA:191,49
DA:195,49
DA:205,19
DA:206,19
DA:207,1
DA:211,18
DA:212,18
DA:213,18
DA:214,13
DA:216,5
DA:220,65
DA:221,1
DA:225,17
DA:226,61
DA:237,27
DA:238,27
DA:239,5
DA:242,22
DA:243,22
DA:244,22
DA:245,22
DA:250,3
DA:253,19
DA:254,19
DA:255,2
DA:258,17
DA:276,25
DA:279,25
DA:281,25
DA:282,7
DA:284,25
DA:288,25
DA:305,13
DA:306,13
DA:308,13
DA:309,4
DA:311,13
DA:315,13
DA:318,160
DA:327,33
DA:328,33
DA:329,33
DA:330,16
DA:331,15
DA:333,16
DA:335,17
DA:338,33
DA:343,10
DA:346,23
DA:347,23
DA:348,23
DA:349,5
DA:352,18
DA:353,18
DA:358,18
DA:359,4
DA:361,14
DA:375,10
DA:376,10
DA:378,10
DA:385,3
DA:388,7
DA:392,7
DA:407,8
DA:408,8
DA:410,8
DA:420,2
DA:423,6
DA:427,6
DA:442,24
DA:443,24
DA:444,24
DA:449,4
DA:453,20
DA:456,20
DA:457,9
DA:460,11
DA:461,11
DA:465,11
DA:466,4
DA:468,11
DA:472,11
DA:476,11
DA:491,19
DA:492,19
DA:493,19
DA:498,2
DA:502,17
DA:506,17
DA:509,17
DA:510,2
DA:513,15
DA:515,15
DA:516,15
DA:521,15
DA:526,1
DA:528,14
DA:529,7
DA:530,1
DA:533,7
DA:535,7
DA:543,7
DA:544,2
DA:548,11
DA:563,9
DA:565,9
DA:566,9
DA:567,3
DA:570,6
DA:571,6
DA:572,6
DA:573,6
DA:577,6
DA:579,6
DA:585,6
DA:586,6
DA:587,1
DA:588,1
DA:590,6
LF:154
LH:154
BRDA:57,0,0,22
BRDA:57,0,1,22
BRDA:70,1,0,44
BRDA:70,1,1,40
BRDA:81,2,0,18
BRDA:81,2,1,16
BRDA:81,2,2,16
BRDA:97,3,0,93
BRDA:97,3,1,93
BRDA:110,4,0,1
BRDA:110,4,1,22
BRDA:118,5,0,3
BRDA:118,5,1,21
BRDA:118,6,0,24
BRDA:118,6,1,24
BRDA:141,7,0,23
BRDA:141,7,1,21
BRDA:143,8,0,23
BRDA:143,8,1,23
BRDA:151,9,0,21
BRDA:151,9,1,19
BRDA:151,9,2,12
BRDA:151,9,3,12
BRDA:151,9,4,12
BRDA:172,10,0,23
BRDA:172,10,1,5
BRDA:172,10,2,5
BRDA:172,10,3,3
BRDA:206,11,0,1
BRDA:206,11,1,18
BRDA:213,12,0,13
BRDA:213,12,1,5
BRDA:213,13,0,18
BRDA:213,13,1,13
BRDA:220,14,0,1
BRDA:220,14,1,17
BRDA:238,15,0,5
BRDA:238,15,1,22
BRDA:238,16,0,27
BRDA:238,16,1,23
BRDA:245,17,0,3
BRDA:245,17,1,19
BRDA:246,18,0,22
BRDA:246,18,1,19
BRDA:246,18,2,19
BRDA:254,19,0,2
BRDA:254,19,1,17
BRDA:277,20,0,18
BRDA:277,20,1,7
BRDA:281,21,0,7
BRDA:281,21,1,18
BRDA:308,22,0,4
BRDA:308,22,1,9
BRDA:329,23,0,16
BRDA:329,23,1,17
BRDA:330,24,0,15
BRDA:330,24,1,1
BRDA:338,25,0,10
BRDA:338,25,1,23
BRDA:339,26,0,33
BRDA:339,26,1,32
BRDA:339,26,2,30
BRDA:347,27,0,23
BRDA:347,27,1,21
BRDA:348,28,0,5
BRDA:348,28,1,18
BRDA:348,29,0,23
BRDA:348,29,1,7
BRDA:355,30,0,16
BRDA:355,30,1,2
BRDA:358,31,0,4
BRDA:358,31,1,14
BRDA:364,32,0,12
BRDA:364,32,1,2
BRDA:378,33,0,3
BRDA:378,33,1,7
BRDA:379,34,0,10
BRDA:379,34,1,10
BRDA:379,34,2,10
BRDA:379,34,3,10
BRDA:379,34,4,9
BRDA:410,35,0,2
BRDA:410,35,1,6
BRDA:411,36,0,8
BRDA:411,36,1,8
BRDA:411,36,2,8
BRDA:411,36,3,8
BRDA:411,36,4,7
BRDA:411,36,5,7
BRDA:411,36,6,7
BRDA:411,36,7,7
BRDA:444,37,0,4
BRDA:444,37,1,20
BRDA:445,38,0,24
BRDA:445,38,1,22
BRDA:445,38,2,22
BRDA:454,39,0,19
BRDA:454,39,1,1
BRDA:456,40,0,9
BRDA:456,40,1,11
BRDA:463,41,0,7
BRDA:463,41,1,4
BRDA:465,42,0,4
BRDA:465,42,1,7
BRDA:470,43,0,7
BRDA:470,43,1,4
BRDA:493,44,0,2
BRDA:493,44,1,17
BRDA:494,45,0,19
BRDA:494,45,1,19
BRDA:494,45,2,19
BRDA:502,46,0,17
BRDA:502,46,1,11
BRDA:502,46,2,11
BRDA:506,47,0,17
BRDA:506,47,1,10
BRDA:506,47,2,10
BRDA:509,48,0,2
BRDA:509,48,1,15
BRDA:509,49,0,17
BRDA:509,49,1,9
BRDA:518,50,0,8
BRDA:518,50,1,7
BRDA:521,51,0,1
BRDA:521,51,1,14
BRDA:522,52,0,15
BRDA:522,52,1,3
BRDA:522,52,2,2
BRDA:528,53,0,7
BRDA:528,53,1,7
BRDA:529,54,0,1
BRDA:529,54,1,6
BRDA:535,55,0,7
BRDA:535,55,1,2
BRDA:535,55,2,2
BRDA:535,55,3,2
BRDA:535,55,4,5
BRDA:535,55,5,4
BRDA:535,55,6,3
BRDA:535,55,7,3
BRDA:543,56,0,2
BRDA:543,56,1,5
BRDA:551,57,0,6
BRDA:551,57,1,5
BRDA:565,58,0,8
BRDA:565,58,1,1
BRDA:566,59,0,3
BRDA:566,59,1,6
BRDA:571,60,0,5
BRDA:571,60,1,1
BRDA:572,61,0,5
BRDA:572,61,1,1
BRDA:579,62,0,6
BRDA:579,62,1,6
BRDA:579,62,2,6
BRDA:579,62,3,1
BRDA:579,62,4,1
BRDA:586,63,0,1
BRDA:586,63,1,5
BRF:159
BRH:159
end_of_record
TN:
SF:/Users/petrpotapov/new_projects/test-typescript-eslint/packages/eslint-plugin/src/rules/promise-function-async.ts
FN:70,(anonymous_1)
FN:90,validateNode
FN:126,(anonymous_3)
FN:133,(anonymous_4)
FN:140,(anonymous_5)
FNF:5
FNH:5
FNDA:29,(anonymous_1)
FNDA:44,validateNode
FNDA:10,(anonymous_3)
FNDA:15,(anonymous_4)
FNDA:23,(anonymous_5)
DA:2,4
DA:16,4
DA:83,29
DA:87,29
DA:88,29
DA:91,44
DA:92,44
DA:95,44
DA:96,6
DA:98,38
DA:100,38
DA:107,10
DA:110,28
DA:116,4
DA:119,24
DA:125,29
DA:129,10
DA:130,9
DA:136,15
DA:137,14
DA:143,23
DA:148,7
DA:149,6
DA:151,16
DA:152,15
LF:25
LH:25
BRDA:95,0,0,6
BRDA:95,0,1,38
BRDA:100,1,0,10
BRDA:100,1,1,28
BRDA:110,2,0,4
BRDA:110,2,1,24
BRDA:111,3,0,28
BRDA:111,3,1,28
BRDA:111,3,2,26
BRDA:111,3,3,4
BRDA:111,3,4,2
BRDA:129,4,0,9
BRDA:129,4,1,1
BRDA:136,5,0,14
BRDA:136,5,1,1
BRDA:143,6,0,7
BRDA:143,6,1,16
BRDA:144,7,0,23
BRDA:144,7,1,23
BRDA:144,7,2,17
BRDA:148,8,0,6
BRDA:148,8,1,1
BRDA:151,9,0,15
BRDA:151,9,1,1
BRF:24
BRH:24
end_of_record
TN:
SF:/Users/petrpotapov/new_projects/test-typescript-eslint/packages/eslint-plugin/src/rules/quotes.ts
FN:32,(anonymous_2)
FN:35,(anonymous_3)
FN:41,(anonymous_4)
FN:46,(anonymous_5)
FN:57,(anonymous_6)
FNF:5
FNH:5
FNDA:113,(anonymous_2)
FNDA:49,(anonymous_3)
FNDA:48,(anonymous_4)
FNDA:93,(anonymous_5)
FNDA:54,(anonymous_6)
DA:1,4
DA:5,4
DA:6,4
DA:11,4
DA:33,113
DA:35,113
DA:36,49
DA:41,113
DA:42,48
DA:45,113
DA:47,93
DA:51,2
DA:54,91
DA:58,54
LF:14
LH:14
BRDA:37,0,0,49
BRDA:37,0,1,49
BRDA:42,1,0,48
BRDA:42,1,1,48
BRDA:47,2,0,2
BRDA:47,2,1,91
BRDA:48,3,0,93
BRDA:48,3,1,49
BRDA:48,3,2,48
BRF:9
BRH:9
end_of_record
TN:
SF:/Users/petrpotapov/new_projects/test-typescript-eslint/packages/eslint-plugin/src/rules/require-array-sort-compare.ts
FN:23,(anonymous_2)
FN:28,(anonymous_3)
FNF:2
FNH:2
FNDA:16,(anonymous_2)
FNDA:12,(anonymous_3)
DA:2,4
DA:3,4
DA:5,4
DA:24,16
DA:25,16
DA:27,16
DA:32,12
DA:33,12
DA:34,12
DA:35,1
DA:39,11
DA:40,11
DA:41,11
DA:46,6
DA:47,6
LF:15
LH:15
BRDA:34,0,0,1
BRDA:34,0,1,11
BRDA:41,1,0,6
BRDA:41,1,1,5
BRDA:42,2,0,11
BRDA:42,2,1,9
BRDA:42,2,2,8
BRF:7
BRH:7
end_of_record
TN:
SF:/Users/petrpotapov/new_projects/test-typescript-eslint/packages/eslint-plugin/src/rules/require-await.ts
FN:33,(anonymous_2)
FN:45,enterFunction
FN:87,exitFunction
FN:120,isThenableType
FN:134,(anonymous_6)
FNF:5
FNH:5
FNDA:19,(anonymous_2)
FNDA:19,enterFunction
FNDA:19,exitFunction
FNDA:19,isThenableType
FNDA:18,(anonymous_6)
DA:1,4
DA:6,4
DA:7,4
DA:9,4
DA:19,4
DA:34,19
DA:35,19
DA:36,19
DA:38,19
DA:51,19
DA:56,19
DA:58,5
DA:59,5
DA:62,7
DA:63,7
DA:66,7
DA:69,7
DA:70,4
DA:73,4
DA:76,7
DA:93,19
DA:94,19
DA:95,7
DA:97,2
DA:98,2
DA:101,2
DA:102,2
DA:105,3
DA:106,3
DA:110,19
DA:121,19
DA:123,19
DA:126,19
DA:135,18
DA:136,3
DA:139,15
DA:142,15
DA:143,0
DA:146,15
LF:39
LH:38
BRDA:57,0,0,5
BRDA:57,0,1,7
BRDA:57,0,2,7
BRDA:69,1,0,4
BRDA:69,1,1,3
BRDA:93,2,0,19
BRDA:93,2,1,0
BRDA:94,3,0,7
BRDA:94,3,1,12
BRDA:96,4,0,2
BRDA:96,4,1,2
BRDA:96,4,2,3
BRDA:135,5,0,3
BRDA:135,5,1,15
BRDA:142,6,0,0
BRDA:142,6,1,15
BRF:16
BRH:14
end_of_record
TN:
SF:/Users/petrpotapov/new_projects/test-typescript-eslint/packages/eslint-plugin/src/rules/restrict-plus-operands.ts
FN:26,(anonymous_2)
FN:36,getBaseTypeOfLiteralType
FN:60,(anonymous_4)
FN:79,getNodeType
FN:87,(anonymous_6)
FNF:5
FNH:5
FNDA:53,(anonymous_2)
FNDA:114,getBaseTypeOfLiteralType
FNDA:8,(anonymous_4)
FNDA:98,getNodeType
FNDA:49,(anonymous_6)
DA:2,4
DA:3,4
DA:5,4
DA:27,53
DA:29,53
DA:37,114
DA:38,114
DA:44,8
DA:47,106
DA:48,24
DA:50,82
DA:51,26
DA:54,56
DA:55,7
DA:57,49
DA:58,4
DA:60,8
DA:63,45
DA:65,45
DA:70,32
DA:72,13
DA:80,98
DA:81,98
DA:83,98
DA:86,53
DA:88,49
DA:89,49
DA:91,49
DA:96,26
DA:97,15
DA:101,11
DA:102,4
DA:107,7
LF:33
LH:33
BRDA:38,0,0,8
BRDA:38,0,1,106
BRDA:39,1,0,114
BRDA:39,1,1,12
BRDA:47,2,0,24
BRDA:47,2,1,82
BRDA:50,3,0,26
BRDA:50,3,1,56
BRDA:54,4,0,7
BRDA:54,4,1,49
BRDA:57,5,0,4
BRDA:57,5,1,45
BRDA:60,6,0,4
BRDA:60,6,1,0
BRDA:65,7,0,32
BRDA:65,7,1,13
BRDA:66,8,0,45
BRDA:66,8,1,29
BRDA:66,8,2,16
BRDA:91,9,0,26
BRDA:91,9,1,23
BRDA:92,10,0,49
BRDA:92,10,1,43
BRDA:92,10,2,40
BRDA:96,11,0,15
BRDA:96,11,1,11
BRDA:96,12,0,26
BRDA:96,12,1,20
BRDA:101,13,0,4
BRDA:101,13,1,7
BRDA:101,14,0,11
BRDA:101,14,1,9
BRF:32
BRH:31
end_of_record
TN:
SF:/Users/petrpotapov/new_projects/test-typescript-eslint/packages/eslint-plugin/src/rules/semi.ts
FN:33,(anonymous_2)
FN:55,(anonymous_3)
FN:63,(anonymous_4)
FNF:3
FNH:3
FNDA:328,(anonymous_2)
FNDA:2296,(anonymous_3)
FNDA:28,(anonymous_4)
DA:1,4
DA:6,4
DA:7,4
DA:12,4
DA:34,328
DA:35,328
DA:47,328
DA:56,2296
DA:57,2296
DA:60,328
DA:64,28
DA:65,26
LF:12
LH:12
BRDA:64,0,0,26
BRDA:64,0,1,2
BRF:2
BRH:2
end_of_record
TN:
SF:/Users/petrpotapov/new_projects/test-typescript-eslint/packages/eslint-plugin/src/rules/strict-boolean-expressions.ts
FN:57,(anonymous_2)
FN:64,isBooleanType
FN:103,assertTestExpressionContainsBoolean
FN:118,assertLocalExpressionContainsBoolean
FN:132,assertUnaryExpressionContainsBoolean
FN:143,reportNode
FNF:6
FNH:6
FNDA:75,(anonymous_2)
FNDA:136,isBooleanType
[...]
BRDA:379,43,1,16
BRDA:387,44,0,1
BRDA:387,44,1,6
BRDA:390,45,0,7
BRDA:390,45,1,6
BRDA:399,46,0,2
BRDA:399,46,1,32
BRDA:402,47,0,2
BRDA:402,47,1,32
BRDA:406,48,0,34
BRDA:406,48,1,32
BRDA:417,49,0,3
BRDA:417,49,1,3
BRDA:427,50,0,65
BRDA:427,50,1,58
BRDA:427,50,2,58
BRDA:427,50,3,58
BRDA:440,51,0,3
BRDA:440,51,1,2
BRDA:440,51,2,2
BRDA:440,51,3,2
BRDA:450,52,0,17
BRDA:450,52,1,17
BRDA:451,53,0,17
BRDA:451,53,1,0
BRDA:485,54,0,74
BRDA:485,54,1,74
BRDA:507,55,0,87
BRDA:507,55,1,65
BRDA:508,56,0,85
BRDA:508,56,1,2
BRDA:509,57,0,87
BRDA:509,57,1,87
BRDA:510,58,0,87
BRDA:510,58,1,84
BRDA:513,59,0,41
BRDA:513,59,1,44
BRDA:544,60,0,2
BRDA:544,60,1,0
BRDA:549,61,0,14
BRDA:549,61,1,2
BRDA:573,62,0,3
BRDA:573,62,1,19
BRDA:570,63,0,22
BRDA:570,63,1,22
BRDA:570,63,2,19
BRDA:581,64,0,2
BRDA:581,64,1,63
BRDA:582,65,0,1
BRDA:582,65,1,64
BRDA:589,66,0,2
BRDA:589,66,1,2
BRDA:589,66,2,61
BRDA:596,67,0,57
BRDA:596,67,1,4
BRF:143
BRH:136
end_of_record
TN:
SF:/Users/petrpotapov/new_projects/test-typescript-eslint/packages/eslint-plugin/src/rules/indent-new-do-not-use/BinarySearchTree.ts
FN:19,(anonymous_1)
FN:25,(anonymous_2)
FN:39,(anonymous_3)
FN:48,(anonymous_4)
FNF:4
FNH:4
FNDA:1030,(anonymous_1)
FNDA:84684,(anonymous_2)
FNDA:51570,(anonymous_3)
FNDA:27451,(anonymous_4)
DA:5,1
DA:19,1
DA:20,1030
DA:26,84684
DA:28,84684
DA:29,55623
DA:31,29061
DA:40,51570
DA:42,51570
DA:50,27451
DA:51,9920
DA:53,17531
DA:55,17531
DA:56,3630
DA:57,3630
LF:15
LH:15
BRDA:28,0,0,55623
BRDA:28,0,1,29061
BRDA:50,1,0,9920
BRDA:50,1,1,17531
BRDA:55,2,0,21161
BRDA:55,2,1,20132
BRF:6
BRH:6
end_of_record
TN:
SF:/Users/petrpotapov/new_projects/test-typescript-eslint/packages/eslint-plugin/src/rules/indent-new-do-not-use/OffsetStorage.ts
FN:28,(anonymous_0)
FN:41,(anonymous_1)
FN:52,(anonymous_2)
FN:122,(anonymous_3)
FN:155,(anonymous_4)
FN:215,(anonymous_5)
FN:266,(anonymous_6)
FN:278,(anonymous_7)
FNF:8
FNH:8
FNDA:1030,(anonymous_0)
FNDA:24119,(anonymous_1)
FNDA:89,(anonymous_2)
FNDA:8301,(anonymous_3)
FNDA:27451,(anonymous_4)
FNDA:13106,(anonymous_5)
FNDA:2404,(anonymous_6)
FNDA:1977,(anonymous_7)
DA:5,1
DA:15,1
DA:29,1030
DA:30,1030
DA:31,1030
DA:33,1030
DA:34,1030
DA:36,1030
DA:37,1030
DA:38,1030
DA:42,24119
DA:63,89
DA:127,8301
DA:176,27451
DA:178,27451
DA:181,27451
DA:185,27451
DA:190,27451
DA:193,27451
DA:199,27451
DA:200,14376
DA:201,14376
DA:208,27451
DA:216,13106
DA:217,8105
DA:222,250
DA:226,7855
DA:227,89
DA:229,89
DA:243,7766
DA:245,7766
DA:252,7766
DA:260,13106
DA:267,2404
DA:268,253
DA:279,1977
LF:36
LH:36
BRDA:158,0,0,211
BRDA:159,1,0,27334
BRDA:181,2,0,27451
BRDA:181,2,1,27443
BRDA:181,2,2,14376
BRDA:186,3,0,14376
BRDA:186,3,1,13075
BRDA:199,4,0,14376
BRDA:199,4,1,13075
BRDA:216,5,0,8105
BRDA:216,5,1,5001
BRDA:217,6,0,250
BRDA:217,6,1,7855
BRDA:226,7,0,89
BRDA:226,7,1,7766
BRDA:249,8,0,2146
BRDA:249,8,1,5620
BRDA:245,9,0,7766
BRDA:245,9,1,6733
BRDA:245,9,2,2175
BRDA:245,9,3,2170
BRDA:254,10,0,6733
BRDA:254,10,1,1033
BRDA:267,11,0,253
BRDA:267,11,1,2151
BRF:25
BRH:25
end_of_record
TN:
SF:/Users/petrpotapov/new_projects/test-typescript-eslint/packages/eslint-plugin/src/rules/indent-new-do-not-use/TokenInfo.ts
FN:14,(anonymous_0)
FN:17,(anonymous_1)
FN:39,(anonymous_2)
FN:49,(anonymous_3)
FN:58,(anonymous_4)
FNF:5
FNH:5
FNDA:1030,(anonymous_0)
FNDA:18462,(anonymous_1)
FNDA:2816,(anonymous_2)
FNDA:2544,(anonymous_3)
FNDA:6534,(anonymous_4)
DA:10,1
DA:15,1030
DA:16,1030
DA:18,18462
DA:19,5710
DA:21,18462
DA:27,22
DA:29,18462
DA:42,2816
DA:50,2544
DA:59,6534
LF:11
LH:11
BRDA:18,0,0,5710
BRDA:18,0,1,12752
BRDA:21,1,0,22
BRDA:21,1,1,18440
BRDA:22,2,0,18462
BRDA:22,2,1,171
BRF:6
BRH:6
end_of_record
TN:
SF:/Users/petrpotapov/new_projects/test-typescript-eslint/packages/eslint-plugin/src/rules/indent-new-do-not-use/index.ts
FN:403,(anonymous_0)
FN:436,createErrorMessageData
FN:474,report
FN:476,(anonymous_3)
FN:477,(anonymous_4)
FN:487,(anonymous_5)
FN:502,validateTokenIndent
FN:520,isOuterIIFE
FN:566,countTrailingLinebreaks
FN:580,addElementListIndent
FN:591,getFirstToken
FN:612,(anonymous_11)
FN:661,addBlocklessNodeIndent
FN:706,addFunctionCallIndent
FN:738,addParensIndent
FN:742,(anonymous_15)
FN:751,(anonymous_16)
FN:764,(anonymous_17)
FN:779,ignoreNode
FN:784,(anonymous_19)
FN:802,isOnFirstLineOfStatement
FN:826,hasBlankLinesBetween
FN:852,(anonymous_22)
FN:869,(anonymous_23)
FN:891,(anonymous_24)
FN:895,(anonymous_25)
FN:907,(anonymous_26)
FN:913,(anonymous_27)
FN:929,(anonymous_28)
FN:972,(anonymous_29)
FN:988,(anonymous_30)
FN:1004,(anonymous_31)
FN:1010,(anonymous_32)
FN:1059,(anonymous_33)
FN:1069,(anonymous_34)
FN:1095,(anonymous_35)
FN:1110,(anonymous_36)
FN:1128,(anonymous_37)
FN:1135,(anonymous_38)
FN:1138,(anonymous_39)
FN:1152,(anonymous_40)
FN:1162,(anonymous_41)
FN:1166,(anonymous_42)
FN:1170,(anonymous_43)
FN:1188,(anonymous_44)
FN:1279,(anonymous_45)
FN:1290,(anonymous_46)
FN:1309,(anonymous_47)
FN:1321,(anonymous_48)
FN:1340,(anonymous_49)
FN:1344,(anonymous_50)
FN:1362,(anonymous_51)
FN:1363,(anonymous_52)
FN:1384,(anonymous_53)
FN:1455,(anonymous_54)
FN:1478,(anonymous_55)
FN:1483,(anonymous_56)
FN:1494,(anonymous_57)
FN:1505,(anonymous_58)
FN:1526,(anonymous_59)
FN:1532,(anonymous_60)
FN:1543,(anonymous_61)
FN:1583,(anonymous_62)
FN:1588,(anonymous_63)
FN:1602,addToIgnoredNodes
FN:1608,(anonymous_65)
FN:1622,(anonymous_66)
FN:1628,(anonymous_67)
FN:1633,(anonymous_68)
FN:1638,(anonymous_69)
FN:1639,(anonymous_70)
FN:1651,(anonymous_71)
FN:1666,(anonymous_72)
FNF:73
FNH:73
FNDA:1030,(anonymous_0)
FNDA:544,createErrorMessageData
FNDA:544,report
FNDA:2277,(anonymous_3)
FNDA:2277,(anonymous_4)
FNDA:544,(anonymous_5)
FNDA:5740,validateTokenIndent
FNDA:621,isOuterIIFE
FNDA:916,countTrailingLinebreaks
FNDA:2623,addElementListIndent
FNDA:1366,getFirstToken
FNDA:2701,(anonymous_11)
FNDA:286,addBlocklessNodeIndent
FNDA:768,addFunctionCallIndent
FNDA:1030,addParensIndent
FNDA:18197,(anonymous_15)
FNDA:1679,(anonymous_16)
FNDA:1759,(anonymous_17)
FNDA:28,ignoreNode
FNDA:218,(anonymous_19)
FNDA:34,isOnFirstLineOfStatement
FNDA:39,hasBlankLinesBetween
FNDA:195,(anonymous_22)
FNDA:71,(anonymous_23)
FNDA:93,(anonymous_24)
FNDA:93,(anonymous_25)
FNDA:175,(anonymous_26)
FNDA:178,(anonymous_27)
FNDA:621,(anonymous_28)
FNDA:4,(anonymous_29)
FNDA:123,(anonymous_30)
FNDA:96,(anonymous_31)
FNDA:104,(anonymous_32)
FNDA:26,(anonymous_33)
FNDA:12,(anonymous_34)
FNDA:13,(anonymous_35)
FNDA:405,(anonymous_36)
FNDA:150,(anonymous_37)
FNDA:19,(anonymous_38)
FNDA:18,(anonymous_39)
FNDA:38,(anonymous_40)
FNDA:54,(anonymous_41)
FNDA:35,(anonymous_42)
FNDA:28,(anonymous_43)
FNDA:382,(anonymous_44)
FNDA:19,(anonymous_45)
FNDA:229,(anonymous_46)
FNDA:336,(anonymous_47)
FNDA:58,(anonymous_48)
FNDA:7,(anonymous_49)
FNDA:125,(anonymous_50)
FNDA:31,(anonymous_51)
FNDA:32,(anonymous_52)
FNDA:429,(anonymous_53)
FNDA:631,(anonymous_54)
FNDA:68,(anonymous_55)
FNDA:68,(anonymous_56)
FNDA:213,(anonymous_57)
FNDA:211,(anonymous_58)
FNDA:107,(anonymous_59)
FNDA:54,(anonymous_60)
FNDA:13990,(anonymous_61)
FNDA:29870,(anonymous_62)
FNDA:19588,(anonymous_63)
FNDA:28,addToIgnoredNodes
FNDA:24,(anonymous_65)
FNDA:14018,(anonymous_66)
FNDA:1030,(anonymous_67)
FNDA:2,(anonymous_68)
FNDA:19588,(anonymous_69)
FNDA:19544,(anonymous_70)
FNDA:265,(anonymous_71)
FNDA:5954,(anonymous_72)
DA:5,1
DA:11,1
DA:24,1
DA:25,1
DA:26,1
DA:28,1
DA:29,1
DA:35,1
DA:179,1
DA:184,1
DA:185,1
DA:186,1
DA:201,1
DA:253,1
DA:404,1030
DA:405,1030
DA:407,1030
DA:408,1030
DA:413,85
DA:420,1030
DA:421,1030
DA:422,1030
DA:427,1030
DA:441,544
DA:444,544
DA:445,544
DA:448,544
DA:453,422
DA:457,122
DA:458,12
DA:461,110
DA:463,544
DA:475,544
DA:476,2277
DA:477,2277
DA:479,544
DA:488,544
DA:506,5740
DA:508,5740
DA:524,621
DA:529,592
DA:537,29
DA:539,29
DA:548,10
DA:551,29
DA:567,916
DA:568,916
DA:570,916
DA:592,1366
DA:594,1366
DA:595,4
DA:597,1366
DA:601,2623
DA:606,2623
DA:609,2623
DA:610,2
DA:612,2621
DA:613,2701
DA:615,3
DA:617,2698
DA:619,132
DA:623,2698
DA:624,1691
DA:626,1007
DA:630,89
DA:635,918
DA:637,918
DA:639,918
DA:641,918
DA:647,692
DA:662,286
DA:663,124
DA:668,124
DA:669,124
DA:671,124
DA:675,7
DA:676,7
DA:679,124
DA:691,124
DA:693,124
DA:698,75
DA:709,768
DA:716,768
DA:718,768
DA:719,768
DA:720,768
DA:726,768
DA:739,1030
DA:740,1030
DA:742,1030
DA:744,18197
DA:745,1679
DA:746,16518
DA:747,1679
DA:751,1030
DA:752,1679
DA:753,1679
DA:756,1679
DA:760,458
DA:764,458
DA:765,1759
DA:766,525
DA:771,1679
DA:780,28
DA:784,28
DA:785,218
DA:786,94
DA:788,94
DA:789,60
DA:791,34
DA:806,34
DA:808,34
DA:813,46
DA:815,34
DA:817,34
DA:830,39
DA:831,39
DA:833,39
DA:837,29
DA:840,10
DA:841,11
DA:842,6
DA:846,4
DA:849,1030
DA:851,1030
DA:855,195
DA:856,195
DA:861,195
DA:870,71
DA:872,71
DA:873,48
DA:874,48
DA:879,48
DA:880,48
DA:881,48
DA:888,71
DA:892,93
DA:895,93
DA:898,93
DA:903,93
DA:904,93
DA:910,175
DA:913,178
DA:922,175
DA:924,175
DA:925,175
DA:926,175
DA:934,621
DA:935,22
DA:936,599
DA:941,267
DA:942,332
DA:946,149
DA:948,183
DA:955,621
DA:956,591
DA:962,621
DA:975,4
DA:976,4
DA:981,4
DA:989,123
DA:996,123
DA:1001,96
DA:1005,96
DA:1007,96
DA:1011,104
DA:1014,96
DA:1017,96
DA:1018,96
DA:1020,96
DA:1021,96
DA:1023,96
DA:1035,96
DA:1039,8
DA:1054,88
DA:1066,26
DA:1070,12
DA:1071,10
DA:1077,10
DA:1084,10
DA:1086,5
DA:1096,13
DA:1098,13
DA:1099,6
DA:1101,13
DA:1102,7
DA:1104,13
DA:1105,7
DA:1107,13
DA:1113,405
DA:1114,405
DA:1118,405
DA:1119,405
DA:1120,405
DA:1129,150
DA:1130,150
DA:1131,26
DA:1136,19
DA:1138,18
DA:1141,16
DA:1145,16
DA:1150,16
DA:1152,38
DA:1160,19
DA:1162,54
DA:1164,19
DA:1166,35
DA:1168,19
DA:1171,28
DA:1174,19
DA:1176,18
DA:1180,18
DA:1195,382
DA:1196,382
DA:1197,382
DA:1202,382
DA:1206,382
DA:1211,382
DA:1214,382
DA:1215,382
DA:1219,382
DA:1221,13
DA:1226,13
DA:1243,382
DA:1247,382
DA:1249,372
DA:1259,372
DA:1266,10
DA:1267,10
DA:1270,10
DA:1271,10
DA:1281,19
DA:1286,14
DA:1293,229
DA:1294,229
DA:1301,229
DA:1310,336
DA:1311,296
DA:1317,296
DA:1322,58
DA:1326,58
DA:1328,58
DA:1334,58
DA:1335,57
DA:1340,7
DA:1345,125
DA:1351,120
DA:1352,120
DA:1354,120
DA:1363,31
DA:1364,32
DA:1365,32
DA:1367,32
DA:1371,32
DA:1376,32
DA:1385,429
DA:1386,0
DA:1389,429
DA:1396,429
DA:1397,429
DA:1399,429
DA:1400,15
DA:1401,14
DA:1407,14
DA:1410,1
DA:1413,415
DA:1436,117
DA:1443,298
DA:1450,415
DA:1451,287
DA:1456,631
DA:1457,532
DA:1461,532
DA:1463,532
DA:1464,532
DA:1465,532
DA:1470,532
DA:1479,68
DA:1480,68
DA:1484,68
DA:1487,68
DA:1495,213
DA:1496,106
DA:1506,211
DA:1509,211
DA:1510,106
DA:1511,106
DA:1517,105
DA:1519,211
DA:1523,211
DA:1527,107
DA:1529,107
DA:1533,54
DA:1534,54
DA:1536,54
DA:1544,13990
DA:1547,13990
DA:1548,13961
DA:1556,1030
DA:1564,1030
DA:1584,29870
DA:1588,29870
DA:1590,29870
DA:1596,1030
DA:1603,28
DA:1604,28
DA:1607,1030
DA:1609,24
DA:1621,1030
DA:1624,14018
DA:1625,0
DA:1630,1030
DA:1631,2
DA:1633,2
DA:1637,1030
DA:1638,19588
DA:1639,19544
DA:1642,1030
DA:1644,1030
DA:1650,1030
DA:1652,265
DA:1656,265
DA:1666,1030
DA:1667,5954
DA:1669,5954
DA:1671,222
DA:1674,5732
DA:1678,5732
DA:1680,22
DA:1684,5710
DA:1690,5160
DA:1693,550
DA:1694,22
DA:1695,22
DA:1700,22
DA:1703,22
DA:1706,22
DA:1718,6
DA:1723,544
LF:339
LH:337
BRDA:404,0,0,36
BRDA:404,0,1,994
BRDA:405,1,0,36
BRDA:405,1,1,994
BRDA:408,2,0,85
BRDA:408,2,1,945
BRDA:409,3,0,1030
BRDA:409,3,1,952
BRDA:425,4,0,994
BRDA:425,4,1,36
BRDA:442,5,0,9
BRDA:442,5,1,535
BRDA:444,6,0,17
BRDA:444,6,1,527
BRDA:445,7,0,5
BRDA:445,7,1,539
BRDA:448,8,0,422
BRDA:448,8,1,122
BRDA:455,9,0,418
BRDA:455,9,1,4
BRDA:457,10,0,12
BRDA:457,10,1,110
BRDA:459,11,0,8
BRDA:459,11,1,4
BRDA:509,12,0,5740
BRDA:509,12,1,578
BRDA:509,12,2,442
BRDA:524,13,0,592
BRDA:524,13,1,29
BRDA:525,14,0,621
BRDA:525,14,1,600
BRDA:525,14,2,141
BRDA:537,15,0,29
BRDA:537,15,1,29
BRDA:540,16,0,39
BRDA:540,16,1,39
BRDA:540,16,2,6
BRDA:540,16,3,35
BRDA:540,16,4,34
BRDA:540,16,5,34
BRDA:540,16,6,34
BRDA:552,17,0,29
BRDA:552,17,1,29
BRDA:552,17,2,10
BRDA:552,17,3,24
BRDA:552,17,4,24
BRDA:570,18,0,857
BRDA:570,18,1,59
BRDA:594,19,0,1370
BRDA:594,19,1,284
BRDA:604,20,0,2359
BRDA:604,20,1,264
BRDA:609,21,0,2
BRDA:609,21,1,2621
BRDA:609,22,0,2623
BRDA:609,22,1,89
BRDA:609,22,2,85
BRDA:613,23,0,3
BRDA:613,23,1,2698
BRDA:617,24,0,132
BRDA:617,24,1,2566
BRDA:623,25,0,1691
BRDA:623,25,1,1007
BRDA:626,26,0,89
BRDA:626,26,1,918
BRDA:627,27,0,1007
BRDA:627,27,1,140
BRDA:637,28,0,918
BRDA:637,28,1,916
BRDA:639,29,0,918
BRDA:639,29,1,916
BRDA:641,30,0,692
BRDA:641,30,1,226
BRDA:642,31,0,918
BRDA:642,31,1,916
BRDA:662,32,0,124
BRDA:662,32,1,162
BRDA:672,33,0,131
BRDA:672,33,1,7
BRDA:693,34,0,75
BRDA:693,34,1,49
BRDA:694,35,0,124
BRDA:694,35,1,124
BRDA:694,35,2,121
BRDA:710,36,0,369
BRDA:710,36,1,399
BRDA:744,37,0,1679
BRDA:744,37,1,16518
BRDA:746,38,0,1679
BRDA:746,38,1,14839
BRDA:756,39,0,458
BRDA:756,39,1,1221
BRDA:757,40,0,1679
BRDA:757,40,1,458
BRDA:765,41,0,525
BRDA:765,41,1,1234
BRDA:785,42,0,94
BRDA:785,42,1,124
BRDA:788,43,0,60
BRDA:788,43,1,34
BRDA:809,44,0,80
BRDA:809,44,1,80
BRDA:809,44,2,55
BRDA:817,45,0,34
BRDA:817,45,1,34
BRDA:833,46,0,29
BRDA:833,46,1,10
BRDA:834,47,0,39
BRDA:834,47,1,37
BRDA:841,48,0,6
BRDA:841,48,1,5
BRDA:857,49,0,195
BRDA:857,49,1,25
BRDA:872,50,0,48
BRDA:872,50,1,23
BRDA:934,51,0,22
BRDA:934,51,1,599
BRDA:934,52,0,621
BRDA:934,52,1,621
BRDA:936,53,0,267
BRDA:936,53,1,332
BRDA:937,54,0,599
BRDA:937,54,1,599
BRDA:937,54,2,366
BRDA:942,55,0,149
BRDA:942,55,1,183
BRDA:943,56,0,332
BRDA:943,56,1,332
BRDA:955,57,0,591
BRDA:955,57,1,30
BRDA:955,58,0,621
BRDA:955,58,1,621
BRDA:996,59,0,96
BRDA:996,59,1,27
BRDA:997,60,0,123
BRDA:997,60,1,62
BRDA:997,60,2,34
BRDA:1005,61,0,96
BRDA:1005,61,1,96
BRDA:1011,62,0,104
BRDA:1011,62,1,104
BRDA:1035,63,0,8
BRDA:1035,63,1,88
BRDA:1070,64,0,10
BRDA:1070,64,1,2
BRDA:1084,65,0,5
BRDA:1084,65,1,5
BRDA:1098,66,0,6
BRDA:1098,66,1,7
BRDA:1101,67,0,7
BRDA:1101,67,1,6
BRDA:1104,68,0,7
BRDA:1104,68,1,6
BRDA:1115,69,0,142
BRDA:1115,69,1,263
BRDA:1130,70,0,26
BRDA:1130,70,1,124
BRDA:1130,71,0,150
BRDA:1130,71,1,47
BRDA:1136,72,0,16
BRDA:1136,72,1,3
BRDA:1162,73,0,54
BRDA:1162,73,1,18
BRDA:1171,74,0,28
BRDA:1171,74,1,18
BRDA:1174,75,0,18
BRDA:1174,75,1,1
BRDA:1177,76,0,0
BRDA:1177,76,1,18
BRDA:1176,77,0,18
BRDA:1176,77,1,16
BRDA:1195,78,0,6
BRDA:1195,78,1,376
BRDA:1196,79,0,382
BRDA:1196,79,1,364
BRDA:1212,80,0,9
BRDA:1212,80,1,373
BRDA:1216,81,0,13
BRDA:1216,81,1,369
BRDA:1219,82,0,13
BRDA:1219,82,1,369
BRDA:1244,83,0,238
BRDA:1244,83,1,144
BRDA:1247,84,0,372
BRDA:1247,84,1,10
BRDA:1261,85,0,12
BRDA:1261,85,1,360
BRDA:1281,86,0,14
BRDA:1281,86,1,5
BRDA:1282,87,0,19
BRDA:1282,87,1,6
BRDA:1282,87,2,2
BRDA:1296,88,0,221
BRDA:1296,88,1,8
BRDA:1310,89,0,296
BRDA:1310,89,1,40
BRDA:1310,90,0,336
BRDA:1310,90,1,300
BRDA:1310,90,2,296
BRDA:1334,91,0,57
BRDA:1334,91,1,1
BRDA:1345,92,0,120
BRDA:1345,92,1,5
BRDA:1347,93,0,125
BRDA:1347,93,1,56
BRDA:1368,94,0,28
BRDA:1368,94,1,4
BRDA:1385,95,0,0
BRDA:1385,95,1,429
BRDA:1393,96,0,429
BRDA:1393,96,1,0
BRDA:1399,97,0,15
BRDA:1399,97,1,414
BRDA:1400,98,0,14
BRDA:1400,98,1,1
BRDA:1413,99,0,117
BRDA:1413,99,1,298
BRDA:1450,100,0,287
BRDA:1450,100,1,128
BRDA:1456,101,0,532
BRDA:1456,101,1,99
BRDA:1484,102,0,68
BRDA:1484,102,1,68
BRDA:1495,103,0,106
BRDA:1495,103,1,107
BRDA:1509,104,0,106
BRDA:1509,104,1,105
BRDA:1547,105,0,13961
BRDA:1547,105,1,29
BRDA:1547,106,0,13990
BRDA:1547,106,1,13982
BRDA:1624,107,0,0
BRDA:1624,107,1,14018
BRDA:1630,108,0,2
BRDA:1630,108,1,1028
BRDA:1659,109,0,10
BRDA:1659,109,1,255
BRDA:1669,110,0,222
BRDA:1669,110,1,5732
BRDA:1678,111,0,22
BRDA:1678,111,1,5710
BRDA:1684,112,0,5160
BRDA:1684,112,1,550
BRDA:1693,113,0,22
BRDA:1693,113,1,528
BRDA:1696,114,0,20
BRDA:1696,114,1,2
BRDA:1700,115,0,22
BRDA:1700,115,1,20
BRDA:1703,116,0,22
BRDA:1703,116,1,19
BRDA:1706,117,0,6
BRDA:1706,117,1,16
BRDA:1707,118,0,22
BRDA:1707,118,1,16
BRDA:1707,118,2,19
BRDA:1707,118,3,14
BRF:257
BRH:253
end_of_record
TN:
SF:/Users/petrpotapov/new_projects/test-typescript-eslint/packages/eslint-plugin/src/util/astUtils.ts
FNF:0
FNH:0
DA:1,70
LF:1
LH:1
BRF:0
BRH:0
end_of_record
TN:
SF:/Users/petrpotapov/new_projects/test-typescript-eslint/packages/eslint-plugin/src/util/createRule.ts
FN:7,(anonymous_0)
FNF:1
FNH:1
FNDA:261,(anonymous_0)
DA:1,70
DA:4,70
DA:6,70
DA:8,261
LF:4
LH:4
BRF:0
BRH:0
end_of_record
TN:
SF:/Users/petrpotapov/new_projects/test-typescript-eslint/packages/eslint-plugin/src/util/getParserServices.ts
FN:13,getParserServices
FNF:1
FNH:1
FNDA:731,getParserServices
DA:13,70
DA:19,731
DA:28,0
DA:32,731
LF:4
LH:3
BRDA:19,0,0,0
BRDA:19,0,1,731
BRDA:20,1,0,731
BRDA:20,1,1,731
BRDA:20,1,2,731
BRF:5
BRH:4
end_of_record
TN:
SF:/Users/petrpotapov/new_projects/test-typescript-eslint/packages/eslint-plugin/src/util/index.ts
FNF:0
FNH:0
DA:1,70
DA:3,70
DA:4,70
DA:5,70
DA:6,70
DA:7,70
DA:10,70
DA:11,70
LF:8
LH:8
BRF:0
BRH:0
end_of_record
TN:
SF:/Users/petrpotapov/new_projects/test-typescript-eslint/packages/eslint-plugin/src/util/misc.ts
FN:14,isDefinitionFile
FN:21,upperCaseFirst
FN:54,getNameFromPropertyName
FN:66,arraysAreEqual
FN:76,(anonymous_4)
FN:81,findFirstResult
FN:98,getNameFromClassMember
FN:116,keyCanBeReadAsPropertyName
FNF:8
FNH:8
FNDA:31,isDefinitionFile
FNDA:1,upperCaseFirst
FNDA:364,getNameFromPropertyName
FNDA:54,arraysAreEqual
FNDA:4,(anonymous_4)
FNDA:11,findFirstResult
FNDA:191,getNameFromClassMember
FNDA:191,keyCanBeReadAsPropertyName
DA:5,70
DA:14,70
DA:15,31
DA:21,70
DA:22,1
DA:54,70
DA:57,364
DA:58,353
DA:60,11
DA:66,70
DA:71,54
DA:76,4
DA:81,70
DA:85,11
DA:86,11
DA:87,11
DA:88,7
DA:91,4
DA:98,70
DA:105,191
DA:106,191
DA:109,0
DA:119,191
LF:23
LH:22
BRDA:15,0,0,31
BRDA:15,0,1,0
BRDA:57,1,0,353
BRDA:57,1,1,11
BRDA:72,2,0,54
BRDA:72,2,1,20
BRDA:72,2,2,20
BRDA:72,2,3,20
BRDA:72,2,4,20
BRDA:87,3,0,7
BRDA:87,3,1,4
BRDA:105,4,0,191
BRDA:105,4,1,0
BRDA:120,5,0,191
BRDA:120,5,1,188
BRF:15
BRH:13
end_of_record
TN:
SF:/Users/petrpotapov/new_projects/test-typescript-eslint/packages/eslint-plugin/src/util/types.ts
FN:13,containsAllTypesByName
FN:34,(anonymous_2)
FN:43,(anonymous_3)
FN:52,getTypeName
FN:84,(anonymous_5)
FN:85,(anonymous_6)
FN:95,(anonymous_7)
FN:96,(anonymous_8)
FN:107,getConstrainedTypeAtLocation
FN:121,isNullableType
FN:144,getDeclaration
FN:163,getTypeFlags
FN:175,isTypeFlagSet
FN:192,typeIsOrHasBaseType
FNF:14
FNH:13
FNDA:42,containsAllTypesByName
FNDA:4,(anonymous_2)
FNDA:0,(anonymous_3)
FNDA:121,getTypeName
FNDA:14,(anonymous_5)
FNDA:14,(anonymous_6)
FNDA:4,(anonymous_7)
FNDA:2,(anonymous_8)
FNDA:237,getConstrainedTypeAtLocation
FNDA:18,isNullableType
FNDA:8,getDeclaration
FNDA:92,getTypeFlags
FNDA:74,isTypeFlagSet
FNDA:27,typeIsOrHasBaseType
DA:1,70
DA:6,70
DA:13,70
DA:18,42
DA:19,4
DA:22,38
DA:23,27
DA:26,38
DA:30,27
DA:33,11
DA:34,3
DA:35,4
DA:39,8
DA:40,8
DA:43,0
DA:52,70
DA:57,121
DA:58,92
DA:64,29
DA:68,3
DA:69,3
DA:70,2
DA:81,27
DA:84,14
DA:85,14
DA:87,4
DA:92,23
DA:95,4
DA:96,2
DA:98,2
DA:101,21
DA:107,70
DA:111,237
DA:112,237
DA:114,237
DA:121,70
DA:128,18
DA:130,18
DA:131,0
DA:134,18
DA:135,18
DA:137,0
DA:144,70
DA:148,8
DA:149,8
DA:150,0
DA:152,8
DA:153,8
DA:154,0
DA:157,8
DA:163,70
DA:164,92
DA:165,92
DA:166,130
DA:168,92
DA:175,70
DA:180,74
DA:182,74
DA:183,0
DA:186,74
DA:192,70
DA:196,27
DA:197,0
DA:200,27
DA:201,27
DA:203,27
DA:204,2
DA:207,27
DA:208,27
DA:212,25
DA:216,2
LF:71
LH:64
BRDA:18,0,0,4
BRDA:18,0,1,38
BRDA:22,1,0,27
BRDA:22,1,1,11
BRDA:26,2,0,27
BRDA:26,2,1,11
BRDA:27,3,0,38
BRDA:27,3,1,28
BRDA:33,4,0,3
BRDA:33,4,1,8
BRDA:41,5,0,8
BRDA:41,5,1,1
BRDA:41,5,2,0
BRDA:57,6,0,92
BRDA:57,6,1,29
BRDA:64,7,0,3
BRDA:64,7,1,26
BRDA:69,8,0,2
BRDA:69,8,1,1
BRDA:81,9,0,4
BRDA:81,9,1,23
BRDA:82,10,0,27
BRDA:82,10,1,7
BRDA:92,11,0,2
BRDA:92,11,1,21
BRDA:93,12,0,23
BRDA:93,12,1,2
BRDA:114,13,0,237
BRDA:114,13,1,164
BRDA:126,14,0,18
BRDA:124,15,0,18
BRDA:125,16,0,18
BRDA:130,17,0,0
BRDA:130,17,1,18
BRDA:130,18,0,18
BRDA:130,18,1,0
BRDA:134,19,0,18
BRDA:134,19,1,0
BRDA:149,20,0,0
BRDA:149,20,1,8
BRDA:153,21,0,0
BRDA:153,21,1,8
BRDA:182,22,0,0
BRDA:182,22,1,74
BRDA:182,23,0,74
BRDA:182,23,1,0
BRDA:196,24,0,0
BRDA:196,24,1,27
BRDA:196,25,0,27
BRDA:196,25,1,27
BRDA:203,26,0,2
BRDA:203,26,1,25
BRDA:208,27,0,25
BRDA:208,27,1,2
BRDA:209,28,0,27
BRDA:209,28,1,27
BRF:56
BRH:47
end_of_record
